

Microchip MPLAB XC8 Assembler V2.36 build 20220127204148 
                                                                                               Tue Apr 08 21:51:17 2025

Microchip MPLAB XC8 C Compiler v2.36 (Free license) build 20220127204148 Og1 
     1                           	processor	16F877A
     2                           	pagewidth 120
     3                           	opt	flic
     4                           	psect	idataCOMMON,global,class=CODE,delta=2,noexec
     5                           	psect	idataBANK0,global,class=CODE,delta=2,noexec
     6                           	psect	nvBANK0,global,class=BANK0,space=1,delta=1,noexec
     7                           	psect	cinit,global,class=CODE,merge=1,delta=2
     8                           	psect	bssCOMMON,global,class=COMMON,space=1,delta=1,noexec
     9                           	psect	dataCOMMON,global,class=COMMON,space=1,delta=1,noexec
    10                           	psect	bssBANK0,global,class=BANK0,space=1,delta=1,noexec
    11                           	psect	dataBANK0,global,class=BANK0,space=1,delta=1,noexec
    12                           	psect	cstackCOMMON,global,class=COMMON,space=1,delta=1,noexec
    13                           	psect	maintext,global,class=CODE,split=1,delta=2
    14                           	psect	text1,local,class=CODE,merge=1,delta=2
    15                           	psect	text2,local,class=CODE,merge=1,delta=2
    16                           	psect	text3,local,class=CODE,merge=1,delta=2
    17                           	psect	text4,local,class=CODE,merge=1,delta=2
    18                           	psect	text5,local,class=CODE,merge=1,delta=2
    19                           	psect	text6,local,class=CODE,merge=1,delta=2
    20                           	psect	idloc,global,abs,ovrld,class=IDLOC,space=5,delta=2,noexec
    21                           	psect	config,global,abs,ovrld,class=CONFIG,space=4,delta=2,noexec
    22                           	dabs	1,0x7E,2
    23  0000                     
    24                           ; Version 2.36
    25                           ; Generated 28/01/2022 GMT
    26                           ; 
    27                           ; Copyright © 2022, Microchip Technology Inc. and its subsidiaries ("Microchip")
    28                           ; All rights reserved.
    29                           ; 
    30                           ; This software is developed by Microchip Technology Inc. and its subsidiaries ("Microch
      +                          ip").
    31                           ; 
    32                           ; Redistribution and use in source and binary forms, with or without modification, are
    33                           ; permitted provided that the following conditions are met:
    34                           ; 
    35                           ;     1. Redistributions of source code must retain the above copyright notice, this lis
      +                          t of
    36                           ;        conditions and the following disclaimer.
    37                           ; 
    38                           ;     2. Redistributions in binary form must reproduce the above copyright notice, this 
      +                          list
    39                           ;        of conditions and the following disclaimer in the documentation and/or other
    40                           ;        materials provided with the distribution. Publication is not required when
    41                           ;        this file is used in an embedded application.
    42                           ; 
    43                           ;     3. Microchip's name may not be used to endorse or promote products derived from th
      +                          is
    44                           ;        software without specific prior written permission.
    45                           ; 
    46                           ; THIS SOFTWARE IS PROVIDED BY MICROCHIP "AS IS" AND ANY EXPRESS OR IMPLIED WARRANTIES,
    47                           ; INCLUDING, BUT NOT LIMITED TO, THE IMPLIED WARRANTIES OF MERCHANTABILITY AND FITNESS F
      +                          OR
    48                           ; PURPOSE ARE DISCLAIMED.  IN NO EVENT SHALL MICROCHIP BE LIABLE FOR ANY DIRECT, INDIREC
      +                          T,
    49                           ; INCIDENTAL, SPECIAL, EXEMPLARY, OR CONSEQUENTIAL DAMAGES (INCLUDING BUT NOT LIMITED TO
    50                           ; PROCUREMENT OF SUBSTITUTE GOODS OR SERVICES; LOSS OF USE, DATA OR PROFITS; OR BUSINESS
    51                           ; INTERRUPTION) HOWSOEVER CAUSED AND ON ANY THEORY OF LIABILITY, WHETHER IN CONTRACT, ST
      +                          RICT
    52                           ; LIABILITY, OR TORT (INCLUDING NEGLIGENCE OR OTHERWISE) ARISING IN ANY WAY OUT OF THE U
      +                          SE OF
    53                           ; THIS SOFTWARE, EVEN IF ADVISED OF THE POSSIBILITY OF SUCH DAMAGE.
    54                           ; 
    55                           ; 
    56                           ; Code-generator required, PIC16F877A Definitions
    57                           ; 
    58                           ; SFR Addresses
    59  0000                     	;# 
    60  0001                     	;# 
    61  0002                     	;# 
    62  0003                     	;# 
    63  0004                     	;# 
    64  0005                     	;# 
    65  0006                     	;# 
    66  0007                     	;# 
    67  0008                     	;# 
    68  0009                     	;# 
    69  000A                     	;# 
    70  000B                     	;# 
    71  000C                     	;# 
    72  000D                     	;# 
    73  000E                     	;# 
    74  000E                     	;# 
    75  000F                     	;# 
    76  0010                     	;# 
    77  0011                     	;# 
    78  0012                     	;# 
    79  0013                     	;# 
    80  0014                     	;# 
    81  0015                     	;# 
    82  0015                     	;# 
    83  0016                     	;# 
    84  0017                     	;# 
    85  0018                     	;# 
    86  0019                     	;# 
    87  001A                     	;# 
    88  001B                     	;# 
    89  001B                     	;# 
    90  001C                     	;# 
    91  001D                     	;# 
    92  001E                     	;# 
    93  001F                     	;# 
    94  0081                     	;# 
    95  0085                     	;# 
    96  0086                     	;# 
    97  0087                     	;# 
    98  0088                     	;# 
    99  0089                     	;# 
   100  008C                     	;# 
   101  008D                     	;# 
   102  008E                     	;# 
   103  0091                     	;# 
   104  0092                     	;# 
   105  0093                     	;# 
   106  0094                     	;# 
   107  0098                     	;# 
   108  0099                     	;# 
   109  009C                     	;# 
   110  009D                     	;# 
   111  009E                     	;# 
   112  009F                     	;# 
   113  010C                     	;# 
   114  010D                     	;# 
   115  010E                     	;# 
   116  010F                     	;# 
   117  018C                     	;# 
   118  018D                     	;# 
   119  0000                     	;# 
   120  0001                     	;# 
   121  0002                     	;# 
   122  0003                     	;# 
   123  0004                     	;# 
   124  0005                     	;# 
   125  0006                     	;# 
   126  0007                     	;# 
   127  0008                     	;# 
   128  0009                     	;# 
   129  000A                     	;# 
   130  000B                     	;# 
   131  000C                     	;# 
   132  000D                     	;# 
   133  000E                     	;# 
   134  000E                     	;# 
   135  000F                     	;# 
   136  0010                     	;# 
   137  0011                     	;# 
   138  0012                     	;# 
   139  0013                     	;# 
   140  0014                     	;# 
   141  0015                     	;# 
   142  0015                     	;# 
   143  0016                     	;# 
   144  0017                     	;# 
   145  0018                     	;# 
   146  0019                     	;# 
   147  001A                     	;# 
   148  001B                     	;# 
   149  001B                     	;# 
   150  001C                     	;# 
   151  001D                     	;# 
   152  001E                     	;# 
   153  001F                     	;# 
   154  0081                     	;# 
   155  0085                     	;# 
   156  0086                     	;# 
   157  0087                     	;# 
   158  0088                     	;# 
   159  0089                     	;# 
   160  008C                     	;# 
   161  008D                     	;# 
   162  008E                     	;# 
   163  0091                     	;# 
   164  0092                     	;# 
   165  0093                     	;# 
   166  0094                     	;# 
   167  0098                     	;# 
   168  0099                     	;# 
   169  009C                     	;# 
   170  009D                     	;# 
   171  009E                     	;# 
   172  009F                     	;# 
   173  010C                     	;# 
   174  010D                     	;# 
   175  010E                     	;# 
   176  010F                     	;# 
   177  018C                     	;# 
   178  018D                     	;# 
   179                           
   180                           	psect	idataCOMMON
   181  0627                     __pidataCOMMON:
   182                           
   183                           ;initializer for _nro_pin
   184  0627  3407               	retlw	7
   185                           
   186                           	psect	idataBANK0
   187  0626                     __pidataBANK0:
   188                           
   189                           ;initializer for _prueba
   190  0626  3401               	retlw	1
   191                           
   192                           	psect	nvBANK0
   193  0020                     __pnvBANK0:
   194  0020                     _port_act:
   195  0020                     	ds	1
   196  0008                     _PORTD	set	8
   197  0007                     _PORTC	set	7
   198  0009                     _PORTE	set	9
   199  0006                     _PORTB	set	6
   200  0005                     _PORTA	set	5
   201  004A                     _RE2	set	74
   202  0049                     _RE1	set	73
   203  0048                     _RE0	set	72
   204  0089                     _TRISE	set	137
   205  009F                     _ADCON1	set	159
   206  0088                     _TRISD	set	136
   207  0087                     _TRISC	set	135
   208  0086                     _TRISB	set	134
   209  0085                     _TRISA	set	133
   210                           
   211                           	psect	cinit
   212  07EC                     start_initialization:	
   213                           ; #config settings
   214                           
   215  07EC                     __initialization:
   216                           
   217                           ; Initialize objects allocated to BANK0
   218  07EC  120A  118A  2626  120A  118A  	fcall	__pidataBANK0	;fetch initializer
   219  07F1  00A2               	movwf	__pdataBANK0& (0+127)
   220                           
   221                           ; Initialize objects allocated to COMMON
   222  07F2  120A  118A  2627  120A  118A  	fcall	__pidataCOMMON	;fetch initializer
   223  07F7  00FD               	movwf	__pdataCOMMON& (0+127)
   224                           
   225                           ; Clear objects allocated to BANK0
   226  07F8  01A1               	clrf	__pbssBANK0& (0+127)
   227                           
   228                           ; Clear objects allocated to COMMON
   229  07F9  01FA               	clrf	__pbssCOMMON& (0+127)
   230  07FA  01FB               	clrf	(__pbssCOMMON+1)& (0+127)
   231  07FB  01FC               	clrf	(__pbssCOMMON+2)& (0+127)
   232  07FC                     end_of_initialization:	
   233                           ;End of C runtime variable initialization code
   234                           
   235  07FC                     __end_of__initialization:
   236  07FC  0183               	clrf	3
   237  07FD  120A  118A  2ECC   	ljmp	_main	;jump to C main() function
   238                           
   239                           	psect	bssCOMMON
   240  007A                     __pbssCOMMON:
   241  007A                     _xx:
   242  007A                     	ds	1
   243  007B                     _mask:
   244  007B                     	ds	1
   245  007C                     _puerto:
   246  007C                     	ds	1
   247                           
   248                           	psect	dataCOMMON
   249  007D                     __pdataCOMMON:
   250  007D                     _nro_pin:
   251  007D                     	ds	1
   252                           
   253                           	psect	bssBANK0
   254  0021                     __pbssBANK0:
   255  0021                     _caso:
   256  0021                     	ds	1
   257                           
   258                           	psect	dataBANK0
   259  0022                     __pdataBANK0:
   260  0022                     _prueba:
   261  0022                     	ds	1
   262                           
   263                           	psect	cstackCOMMON
   264  0070                     __pcstackCOMMON:
   265  0070                     ?_port_conf_r1:
   266  0070                     ??_port_conf_r1:	
   267                           ; 1 bytes @ 0x0
   268                           
   269  0070                     ?_porte_ent:	
   270                           ; 1 bytes @ 0x0
   271                           
   272  0070                     ??_porte_ent:	
   273                           ; 1 bytes @ 0x0
   274                           
   275  0070                     ?_Prueba_sal:	
   276                           ; 1 bytes @ 0x0
   277                           
   278  0070                     ?_port_conf_r2:	
   279                           ; 1 bytes @ 0x0
   280                           
   281  0070                     ??_port_conf_r2:	
   282                           ; 1 bytes @ 0x0
   283                           
   284  0070                     ?_porte_sal:	
   285                           ; 1 bytes @ 0x0
   286                           
   287  0070                     ??_porte_sal:	
   288                           ; 1 bytes @ 0x0
   289                           
   290  0070                     ?_salidas:	
   291                           ; 1 bytes @ 0x0
   292                           
   293  0070                     ??_salidas:	
   294                           ; 1 bytes @ 0x0
   295                           
   296  0070                     ?_main:	
   297                           ; 1 bytes @ 0x0
   298                           
   299                           
   300                           ; 1 bytes @ 0x0
   301  0070                     	ds	2
   302  0072                     salidas@i:
   303                           
   304                           ; 1 bytes @ 0x2
   305  0072                     	ds	1
   306  0073                     ??_Prueba_sal:
   307                           
   308                           ; 1 bytes @ 0x3
   309  0073                     	ds	1
   310  0074                     Prueba_sal@i:
   311                           
   312                           ; 1 bytes @ 0x4
   313  0074                     	ds	1
   314  0075                     ??_main:
   315                           
   316                           ; 1 bytes @ 0x5
   317  0075                     	ds	3
   318  0078                     main@i_80:
   319                           
   320                           ; 1 bytes @ 0x8
   321  0078                     	ds	1
   322  0079                     main@i:
   323                           
   324                           ; 1 bytes @ 0x9
   325  0079                     	ds	1
   326                           
   327                           	psect	maintext
   328  06CC                     __pmaintext:	
   329 ;;
   330 ;;Main: autosize = 0, tempsize = 3, incstack = 0, save=0
   331 ;;
   332 ;; *************** function _main *****************
   333 ;; Defined at:
   334 ;;		line 41 in file "Probador1.c"
   335 ;; Parameters:    Size  Location     Type
   336 ;;		None
   337 ;; Auto vars:     Size  Location     Type
   338 ;;  i               1    8[COMMON] unsigned char 
   339 ;;  i               1    9[COMMON] unsigned char 
   340 ;; Return value:  Size  Location     Type
   341 ;;                  1    wreg      void 
   342 ;; Registers used:
   343 ;;		wreg, fsr0l, fsr0h, status,2, status,0, pclath, cstack
   344 ;; Tracked objects:
   345 ;;		On entry : B00/0
   346 ;;		On exit  : 0/0
   347 ;;		Unchanged: 0/0
   348 ;; Data sizes:     COMMON   BANK0   BANK1   BANK3   BANK2
   349 ;;      Params:         0       0       0       0       0
   350 ;;      Locals:         2       0       0       0       0
   351 ;;      Temps:          3       0       0       0       0
   352 ;;      Totals:         5       0       0       0       0
   353 ;;Total ram usage:        5 bytes
   354 ;; Hardware stack levels required when called: 2
   355 ;; This function calls:
   356 ;;		_Prueba_sal
   357 ;;		_port_conf_r1
   358 ;;		_port_conf_r2
   359 ;;		_porte_ent
   360 ;;		_porte_sal
   361 ;; This function is called by:
   362 ;;		Startup code after reset
   363 ;; This function uses a non-reentrant model
   364 ;;
   365                           
   366  06CC                     _main:	
   367                           ;psect for function _main
   368                           
   369  06CC                     l1041:	
   370                           ;incstack = 0
   371                           ; Regs used in _main: [wreg-fsr0h+status,2+status,0+pclath+cstack]
   372                           
   373                           
   374                           ;Probador1.c: 42:     port_conf_r1();
   375  06CC  120A  118A  263F  120A  118A  	fcall	_port_conf_r1
   376                           
   377                           ;Probador1.c: 43:     porte_ent();
   378  06D1  120A  118A  262C  120A  118A  	fcall	_porte_ent
   379  06D6                     l1043:
   380                           
   381                           ;Probador1.c: 44:     port_act = PORTA;
   382  06D6  1283               	bcf	3,5	;RP0=0, select bank0
   383  06D7  1303               	bcf	3,6	;RP1=0, select bank0
   384  06D8  0805               	movf	5,w	;volatile
   385  06D9  00F5               	movwf	??_main
   386  06DA  0875               	movf	??_main,w
   387  06DB  00A0               	movwf	_port_act
   388  06DC                     l1045:
   389                           
   390                           ;Probador1.c: 45:     puerto = 0;
   391  06DC  01FC               	clrf	_puerto
   392  06DD  2EE4               	goto	l62
   393  06DE                     l1047:
   394                           
   395                           ;Probador1.c: 50:             if (xx == 1) {
   396  06DE  037A               	decf	_xx,w
   397  06DF  1D03               	btfss	3,2
   398  06E0  2EE2               	goto	u281
   399  06E1  2EE3               	goto	u280
   400  06E2                     u281:
   401  06E2  2EE4               	goto	l62
   402  06E3                     u280:
   403  06E3  2EEA               	goto	l65
   404  06E4                     l62:	
   405                           ;Probador1.c: 54:         }
   406                           
   407                           
   408                           ;Probador1.c: 49:         while (RE0 == 0) {
   409  06E4  1283               	bcf	3,5	;RP0=0, select bank0
   410  06E5  1303               	bcf	3,6	;RP1=0, select bank0
   411  06E6  1C09               	btfss	9,0	;volatile
   412  06E7  2EE9               	goto	u291
   413  06E8  2EEA               	goto	u290
   414  06E9                     u291:
   415  06E9  2EDE               	goto	l1047
   416  06EA                     u290:
   417  06EA                     l65:
   418                           
   419                           ;Probador1.c: 55:         xx = 1;
   420  06EA  01FA               	clrf	_xx
   421  06EB  0AFA               	incf	_xx,f
   422                           
   423                           ;Probador1.c: 56:         switch (puerto) {
   424  06EC  2FC2               	goto	l1153
   425  06ED                     l1059:
   426                           
   427                           ;Probador1.c: 68:                             puerto = 1;
   428  06ED  01FC               	clrf	_puerto
   429  06EE  0AFC               	incf	_puerto,f
   430  06EF                     l1061:
   431                           
   432                           ;Probador1.c: 69:                             nro_pin = 9;
   433  06EF  3009               	movlw	9
   434  06F0  00F5               	movwf	??_main
   435  06F1  0875               	movf	??_main,w
   436  06F2  00FD               	movwf	_nro_pin
   437                           
   438                           ;Probador1.c: 70:                             break;
   439  06F3  2FDB               	goto	l1155
   440  06F4                     l1065:
   441                           
   442                           ;Probador1.c: 75:                     port_conf_r2();
   443  06F4  120A  118A  2631  120A  118A  	fcall	_port_conf_r2
   444  06F9                     l1067:
   445                           
   446                           ;Probador1.c: 76:                     for (unsigned char i = 0; i < nro_pin; i++) {
   447  06F9  01F9               	clrf	main@i
   448  06FA  2F2E               	goto	l1087
   449  06FB                     l1069:
   450                           
   451                           ;Probador1.c: 77:                         mask = (1 << i);
   452  06FB  3001               	movlw	1
   453  06FC  00F5               	movwf	??_main
   454  06FD  0A79               	incf	main@i,w
   455  06FE  2F01               	goto	u304
   456  06FF                     u305:
   457  06FF  1003               	clrc
   458  0700  0DF5               	rlf	??_main,f
   459  0701                     u304:
   460  0701  3EFF               	addlw	-1
   461  0702  1D03               	skipz
   462  0703  2EFF               	goto	u305
   463  0704  0875               	movf	??_main,w
   464  0705  00F6               	movwf	??_main+1
   465  0706  0876               	movf	??_main+1,w
   466  0707  00FB               	movwf	_mask
   467  0708                     l78:	
   468                           ;Probador1.c: 78:                         while (1) {
   469                           
   470                           
   471                           ;Probador1.c: 79:                             if (PORTA & mask) {
   472  0708  1283               	bcf	3,5	;RP0=0, select bank0
   473  0709  1303               	bcf	3,6	;RP1=0, select bank0
   474  070A  0805               	movf	5,w	;volatile
   475  070B  057B               	andwf	_mask,w
   476  070C  1903               	btfsc	3,2
   477  070D  2F0F               	goto	u311
   478  070E  2F10               	goto	u310
   479  070F                     u311:
   480  070F  2F1A               	goto	l1075
   481  0710                     u310:
   482  0710                     l1071:
   483                           
   484                           ;Probador1.c: 80:                                 RE2 = 1;
   485  0710  1509               	bsf	9,2	;volatile
   486  0711                     l1073:
   487                           
   488                           ;Probador1.c: 81:                                 _delay((unsigned long)((150)*(4000000U
      +                          L/4000.0)));
   489  0711  30C3               	movlw	195
   490  0712  00F6               	movwf	??_main+1
   491  0713  30CD               	movlw	205
   492  0714  00F5               	movwf	??_main
   493  0715                     u437:
   494  0715  0BF5               	decfsz	??_main,f
   495  0716  2F15               	goto	u437
   496  0717  0BF6               	decfsz	??_main+1,f
   497  0718  2F15               	goto	u437
   498                           
   499                           ;Probador1.c: 82:                                 break;
   500  0719  2F2A               	goto	l1085
   501  071A                     l1075:
   502  071A  3006               	movlw	6
   503  071B  0679               	xorwf	main@i,w
   504  071C  1D03               	btfss	3,2
   505  071D  2F1F               	goto	u321
   506  071E  2F20               	goto	u320
   507  071F                     u321:
   508  071F  2F28               	goto	l81
   509  0720                     u320:
   510  0720                     l1077:
   511                           
   512                           ;Probador1.c: 84:                                 puerto = 1;
   513  0720  01FC               	clrf	_puerto
   514  0721  0AFC               	incf	_puerto,f
   515  0722                     l1079:
   516                           
   517                           ;Probador1.c: 85:                                 nro_pin = 9;
   518  0722  3009               	movlw	9
   519  0723  00F5               	movwf	??_main
   520  0724  0875               	movf	??_main,w
   521  0725  00FD               	movwf	_nro_pin
   522  0726                     l1081:
   523                           
   524                           ;Probador1.c: 86:                                 RE2 = 0;
   525  0726  1109               	bcf	9,2	;volatile
   526                           
   527                           ;Probador1.c: 87:                                 break;
   528  0727  2F2A               	goto	l1085
   529  0728                     l81:	
   530                           ;Probador1.c: 89:                             else {
   531                           
   532                           
   533                           ;Probador1.c: 90:                                 RE2 = 0;
   534  0728  1109               	bcf	9,2	;volatile
   535  0729  2F08               	goto	l78
   536  072A                     l1085:
   537                           
   538                           ;Probador1.c: 93:                     }
   539  072A  3001               	movlw	1
   540  072B  00F5               	movwf	??_main
   541  072C  0875               	movf	??_main,w
   542  072D  07F9               	addwf	main@i,f
   543  072E                     l1087:
   544  072E  087D               	movf	_nro_pin,w
   545  072F  0279               	subwf	main@i,w
   546  0730  1C03               	skipc
   547  0731  2F33               	goto	u331
   548  0732  2F34               	goto	u330
   549  0733                     u331:
   550  0733  2EFB               	goto	l1069
   551  0734                     u330:
   552  0734  2FDB               	goto	l1155
   553  0735                     l85:	
   554                           ;Probador1.c: 97:             case 1:
   555                           
   556                           
   557                           ;Probador1.c: 98:                 caso =1 ;
   558  0735  01A1               	clrf	_caso
   559  0736  0AA1               	incf	_caso,f
   560                           
   561                           ;Probador1.c: 99:                 if (prueba == 0) {
   562  0737  2F3D               	goto	l1101
   563  0738                     l1097:
   564                           
   565                           ;Probador1.c: 109:                             puerto = 2;
   566  0738  3002               	movlw	2
   567  0739  00F5               	movwf	??_main
   568  073A  0875               	movf	??_main,w
   569  073B  00FC               	movwf	_puerto
   570                           
   571                           ;Probador1.c: 110:                             break;
   572  073C  2FDB               	goto	l1155
   573  073D                     l1101:
   574                           
   575                           ;Probador1.c: 116:                     port_conf_r2();
   576  073D  120A  118A  2631  120A  118A  	fcall	_port_conf_r2
   577  0742                     l1103:
   578                           
   579                           ;Probador1.c: 117:                     for (unsigned char i = 0; i < nro_pin; i++) {
   580  0742  01F8               	clrf	main@i_80
   581  0743  2F69               	goto	l1115
   582  0744                     l1105:
   583                           
   584                           ;Probador1.c: 118:                         mask = (1 << i);
   585  0744  3001               	movlw	1
   586  0745  00F5               	movwf	??_main
   587  0746  0A78               	incf	main@i_80,w
   588  0747  2F4A               	goto	u344
   589  0748                     u345:
   590  0748  1003               	clrc
   591  0749  0DF5               	rlf	??_main,f
   592  074A                     u344:
   593  074A  3EFF               	addlw	-1
   594  074B  1D03               	skipz
   595  074C  2F48               	goto	u345
   596  074D  0875               	movf	??_main,w
   597  074E  00F6               	movwf	??_main+1
   598  074F  0876               	movf	??_main+1,w
   599  0750  00FB               	movwf	_mask
   600  0751                     l95:	
   601                           ;Probador1.c: 119:                         while (1) {
   602                           
   603                           
   604                           ;Probador1.c: 120:                             if (PORTB & mask) {
   605  0751  1283               	bcf	3,5	;RP0=0, select bank0
   606  0752  1303               	bcf	3,6	;RP1=0, select bank0
   607  0753  0806               	movf	6,w	;volatile
   608  0754  057B               	andwf	_mask,w
   609  0755  1903               	btfsc	3,2
   610  0756  2F58               	goto	u351
   611  0757  2F59               	goto	u350
   612  0758                     u351:
   613  0758  2F63               	goto	l96
   614  0759                     u350:
   615  0759                     l1107:
   616                           
   617                           ;Probador1.c: 121:                                 RE2 = 1;
   618  0759  1509               	bsf	9,2	;volatile
   619  075A                     l1109:
   620                           
   621                           ;Probador1.c: 122:                                 _delay((unsigned long)((150)*(4000000
      +                          UL/4000.0)));
   622  075A  30C3               	movlw	195
   623  075B  00F6               	movwf	??_main+1
   624  075C  30CD               	movlw	205
   625  075D  00F5               	movwf	??_main
   626  075E                     u447:
   627  075E  0BF5               	decfsz	??_main,f
   628  075F  2F5E               	goto	u447
   629  0760  0BF6               	decfsz	??_main+1,f
   630  0761  2F5E               	goto	u447
   631                           
   632                           ;Probador1.c: 123:                                 break;
   633  0762  2F65               	goto	l1113
   634  0763                     l96:
   635                           
   636                           ;Probador1.c: 125:                                 RE2 = 0;
   637  0763  1109               	bcf	9,2	;volatile
   638  0764  2F51               	goto	l95
   639  0765                     l1113:
   640                           
   641                           ;Probador1.c: 128:                     }
   642  0765  3001               	movlw	1
   643  0766  00F5               	movwf	??_main
   644  0767  0875               	movf	??_main,w
   645  0768  07F8               	addwf	main@i_80,f
   646  0769                     l1115:
   647  0769  087D               	movf	_nro_pin,w
   648  076A  0278               	subwf	main@i_80,w
   649  076B  1C03               	skipc
   650  076C  2F6E               	goto	u361
   651  076D  2F6F               	goto	u360
   652  076E                     u361:
   653  076E  2F44               	goto	l1105
   654  076F                     u360:
   655  076F  2EED               	goto	l1059
   656  0770                     l1119:
   657                           
   658                           ;Probador1.c: 136:                     Prueba_sal();
   659  0770  120A  118A  264F  120A  118A  	fcall	_Prueba_sal
   660  0775                     l1121:
   661                           
   662                           ;Probador1.c: 138:                         if (RE1 == 1) {
   663  0775  1283               	bcf	3,5	;RP0=0, select bank0
   664  0776  1303               	bcf	3,6	;RP1=0, select bank0
   665  0777  1C89               	btfss	9,1	;volatile
   666  0778  2F7A               	goto	u371
   667  0779  2F7B               	goto	u370
   668  077A                     u371:
   669  077A  2F7C               	goto	l103
   670  077B                     u370:
   671  077B  2F38               	goto	l1097
   672  077C                     l103:	
   673                           ;Probador1.c: 141:                         }
   674                           
   675                           
   676                           ;Probador1.c: 142:                         if (RE0 == 1) {
   677  077C  1C09               	btfss	9,0	;volatile
   678  077D  2F7F               	goto	u381
   679  077E  2F80               	goto	u380
   680  077F                     u381:
   681  077F  2F75               	goto	l1121
   682  0780                     u380:
   683  0780                     l1125:
   684                           
   685                           ;Probador1.c: 143:                             puerto = 3;
   686  0780  3003               	movlw	3
   687  0781  00F5               	movwf	??_main
   688  0782  0875               	movf	??_main,w
   689  0783  00FC               	movwf	_puerto
   690                           
   691                           ;Probador1.c: 144:                             break;
   692  0784  2FDB               	goto	l1155
   693  0785                     l1127:
   694                           
   695                           ;Probador1.c: 150:                     Prueba_sal();
   696  0785  120A  118A  264F  120A  118A  	fcall	_Prueba_sal
   697  078A                     l1129:
   698                           
   699                           ;Probador1.c: 152:                         if (RE1 == 1) {
   700  078A  1283               	bcf	3,5	;RP0=0, select bank0
   701  078B  1303               	bcf	3,6	;RP1=0, select bank0
   702  078C  1C89               	btfss	9,1	;volatile
   703  078D  2F8F               	goto	u391
   704  078E  2F90               	goto	u390
   705  078F                     u391:
   706  078F  2F91               	goto	l109
   707  0790                     u390:
   708  0790  2F80               	goto	l1125
   709  0791                     l109:	
   710                           ;Probador1.c: 155:                         }
   711                           
   712                           
   713                           ;Probador1.c: 156:                         if (RE0 == 1) {
   714  0791  1C09               	btfss	9,0	;volatile
   715  0792  2F94               	goto	u401
   716  0793  2F95               	goto	u400
   717  0794                     u401:
   718  0794  2F8A               	goto	l1129
   719  0795                     u400:
   720  0795                     l1133:
   721                           
   722                           ;Probador1.c: 157:                             puerto = 4;
   723  0795  3004               	movlw	4
   724  0796  00F5               	movwf	??_main
   725  0797  0875               	movf	??_main,w
   726  0798  00FC               	movwf	_puerto
   727                           
   728                           ;Probador1.c: 158:                             nro_pin = 4;
   729  0799  3004               	movlw	4
   730  079A  00F5               	movwf	??_main
   731  079B  0875               	movf	??_main,w
   732  079C  00FD               	movwf	_nro_pin
   733  079D                     l1135:
   734                           
   735                           ;Probador1.c: 159:                             porte_sal();
   736  079D  120A  118A  2628  120A  118A  	fcall	_porte_sal
   737                           
   738                           ;Probador1.c: 160:                             break;
   739  07A2  2FDB               	goto	l1155
   740  07A3                     l1137:
   741                           
   742                           ;Probador1.c: 166:                     Prueba_sal();
   743  07A3  120A  118A  264F  120A  118A  	fcall	_Prueba_sal
   744  07A8                     l1139:
   745                           
   746                           ;Probador1.c: 167:                     porte_ent();
   747  07A8  120A  118A  262C  120A  118A  	fcall	_porte_ent
   748  07AD                     l1141:
   749                           
   750                           ;Probador1.c: 169:                         if (RE1 == 1) {
   751  07AD  1283               	bcf	3,5	;RP0=0, select bank0
   752  07AE  1303               	bcf	3,6	;RP1=0, select bank0
   753  07AF  1C89               	btfss	9,1	;volatile
   754  07B0  2FB2               	goto	u411
   755  07B1  2FB3               	goto	u410
   756  07B2                     u411:
   757  07B2  2FB8               	goto	l115
   758  07B3                     u410:
   759  07B3                     l1143:
   760                           
   761                           ;Probador1.c: 170:                             puerto = 4;
   762  07B3  3004               	movlw	4
   763  07B4  00F5               	movwf	??_main
   764  07B5  0875               	movf	??_main,w
   765  07B6  00FC               	movwf	_puerto
   766  07B7  2F9D               	goto	l1135
   767  07B8                     l115:	
   768                           ;Probador1.c: 173:                         }
   769                           
   770                           
   771                           ;Probador1.c: 174:                         if (RE0 == 1) {
   772  07B8  1C09               	btfss	9,0	;volatile
   773  07B9  2FBB               	goto	u421
   774  07BA  2FBC               	goto	u420
   775  07BB                     u421:
   776  07BB  2FAD               	goto	l1141
   777  07BC                     u420:
   778  07BC                     l1147:
   779                           
   780                           ;Probador1.c: 175:                             puerto = 0;
   781  07BC  01FC               	clrf	_puerto
   782  07BD                     l1149:
   783                           
   784                           ;Probador1.c: 176:                             nro_pin = 7;
   785  07BD  3007               	movlw	7
   786  07BE  00F5               	movwf	??_main
   787  07BF  0875               	movf	??_main,w
   788  07C0  00FD               	movwf	_nro_pin
   789                           
   790                           ;Probador1.c: 177:                             break;
   791  07C1  2FDB               	goto	l1155
   792  07C2                     l1153:
   793  07C2  087C               	movf	_puerto,w
   794  07C3  00F5               	movwf	??_main
   795  07C4  01F6               	clrf	??_main+1
   796                           
   797                           ; Switch on 2 bytes has been partitioned into a top level switch of size 1, and 1 sub-sw
      +                          itches
   798                           ; Switch size 1, requested type "simple"
   799                           ; Number of cases is 1, Range of values is 0 to 0
   800                           ; switch strategies available:
   801                           ; Name         Instructions Cycles
   802                           ; simple_byte            4     3 (average)
   803                           ; direct_byte           11     8 (fixed)
   804                           ; jumptable            260     6 (fixed)
   805                           ;	Chosen strategy is simple_byte
   806  07C5  0876               	movf	??_main+1,w
   807  07C6  3A00               	xorlw	0	; case 0
   808  07C7  1903               	skipnz
   809  07C8  2FCA               	goto	l1213
   810  07C9  2FDB               	goto	l1155
   811  07CA                     l1213:
   812                           
   813                           ; Switch size 1, requested type "simple"
   814                           ; Number of cases is 5, Range of values is 0 to 4
   815                           ; switch strategies available:
   816                           ; Name         Instructions Cycles
   817                           ; simple_byte           16     9 (average)
   818                           ; direct_byte           23     8 (fixed)
   819                           ; jumptable            260     6 (fixed)
   820                           ;	Chosen strategy is simple_byte
   821  07CA  0875               	movf	??_main,w
   822  07CB  3A00               	xorlw	0	; case 0
   823  07CC  1903               	skipnz
   824  07CD  2EF4               	goto	l1065
   825  07CE  3A01               	xorlw	1	; case 1
   826  07CF  1903               	skipnz
   827  07D0  2F35               	goto	l85
   828  07D1  3A03               	xorlw	3	; case 2
   829  07D2  1903               	skipnz
   830  07D3  2F70               	goto	l1119
   831  07D4  3A01               	xorlw	1	; case 3
   832  07D5  1903               	skipnz
   833  07D6  2F85               	goto	l1127
   834  07D7  3A07               	xorlw	7	; case 4
   835  07D8  1903               	skipnz
   836  07D9  2FA3               	goto	l1137
   837  07DA  2FDB               	goto	l1155
   838  07DB                     l1155:
   839                           
   840                           ;Probador1.c: 182:                 _delay((unsigned long)((250)*(4000000UL/4000.0)));
   841  07DB  3002               	movlw	2
   842  07DC  00F7               	movwf	??_main+2
   843  07DD  3045               	movlw	69
   844  07DE  00F6               	movwf	??_main+1
   845  07DF  30A9               	movlw	169
   846  07E0  00F5               	movwf	??_main
   847  07E1                     u457:
   848  07E1  0BF5               	decfsz	??_main,f
   849  07E2  2FE1               	goto	u457
   850  07E3  0BF6               	decfsz	??_main+1,f
   851  07E4  2FE1               	goto	u457
   852  07E5  0BF7               	decfsz	??_main+2,f
   853  07E6  2FE1               	goto	u457
   854  07E7  2FE8               	nop2
   855  07E8  2EE4               	goto	l62
   856  07E9  120A  118A  2800   	ljmp	start
   857  07EC                     __end_of_main:
   858                           
   859                           	psect	text1
   860  0628                     __ptext1:	
   861 ;; *************** function _porte_sal *****************
   862 ;; Defined at:
   863 ;;		line 227 in file "Probador1.c"
   864 ;; Parameters:    Size  Location     Type
   865 ;;		None
   866 ;; Auto vars:     Size  Location     Type
   867 ;;		None
   868 ;; Return value:  Size  Location     Type
   869 ;;                  1    wreg      void 
   870 ;; Registers used:
   871 ;;		status,2
   872 ;; Tracked objects:
   873 ;;		On entry : 0/0
   874 ;;		On exit  : 0/0
   875 ;;		Unchanged: 0/0
   876 ;; Data sizes:     COMMON   BANK0   BANK1   BANK3   BANK2
   877 ;;      Params:         0       0       0       0       0
   878 ;;      Locals:         0       0       0       0       0
   879 ;;      Temps:          0       0       0       0       0
   880 ;;      Totals:         0       0       0       0       0
   881 ;;Total ram usage:        0 bytes
   882 ;; Hardware stack levels used: 1
   883 ;; This function calls:
   884 ;;		Nothing
   885 ;; This function is called by:
   886 ;;		_main
   887 ;; This function uses a non-reentrant model
   888 ;;
   889                           
   890  0628                     _porte_sal:	
   891                           ;psect for function _porte_sal
   892                           
   893  0628                     l1039:	
   894                           ;incstack = 0
   895                           ; Regs used in _porte_sal: [status,2]
   896                           
   897                           
   898                           ;Probador1.c: 228:         TRISE = 0b00000000;
   899  0628  1683               	bsf	3,5	;RP0=1, select bank1
   900  0629  1303               	bcf	3,6	;RP1=0, select bank1
   901  062A  0189               	clrf	9	;volatile
   902  062B                     l133:
   903  062B  0008               	return
   904  062C                     __end_of_porte_sal:
   905                           
   906                           	psect	text2
   907  062C                     __ptext2:	
   908 ;; *************** function _porte_ent *****************
   909 ;; Defined at:
   910 ;;		line 223 in file "Probador1.c"
   911 ;; Parameters:    Size  Location     Type
   912 ;;		None
   913 ;; Auto vars:     Size  Location     Type
   914 ;;		None
   915 ;; Return value:  Size  Location     Type
   916 ;;                  1    wreg      void 
   917 ;; Registers used:
   918 ;;		wreg
   919 ;; Tracked objects:
   920 ;;		On entry : 0/0
   921 ;;		On exit  : 0/0
   922 ;;		Unchanged: 0/0
   923 ;; Data sizes:     COMMON   BANK0   BANK1   BANK3   BANK2
   924 ;;      Params:         0       0       0       0       0
   925 ;;      Locals:         0       0       0       0       0
   926 ;;      Temps:          0       0       0       0       0
   927 ;;      Totals:         0       0       0       0       0
   928 ;;Total ram usage:        0 bytes
   929 ;; Hardware stack levels used: 1
   930 ;; This function calls:
   931 ;;		Nothing
   932 ;; This function is called by:
   933 ;;		_main
   934 ;; This function uses a non-reentrant model
   935 ;;
   936                           
   937  062C                     _porte_ent:	
   938                           ;psect for function _porte_ent
   939                           
   940  062C                     l1025:	
   941                           ;incstack = 0
   942                           ; Regs used in _porte_ent: [wreg]
   943                           
   944                           
   945                           ;Probador1.c: 224:         TRISE = 0b00000011;
   946  062C  3003               	movlw	3
   947  062D  1683               	bsf	3,5	;RP0=1, select bank1
   948  062E  1303               	bcf	3,6	;RP1=0, select bank1
   949  062F  0089               	movwf	9	;volatile
   950  0630                     l130:
   951  0630  0008               	return
   952  0631                     __end_of_porte_ent:
   953                           
   954                           	psect	text3
   955  0631                     __ptext3:	
   956 ;; *************** function _port_conf_r2 *****************
   957 ;; Defined at:
   958 ;;		line 202 in file "Probador1.c"
   959 ;; Parameters:    Size  Location     Type
   960 ;;		None
   961 ;; Auto vars:     Size  Location     Type
   962 ;;		None
   963 ;; Return value:  Size  Location     Type
   964 ;;                  1    wreg      void 
   965 ;; Registers used:
   966 ;;		wreg, status,2
   967 ;; Tracked objects:
   968 ;;		On entry : 0/0
   969 ;;		On exit  : 0/0
   970 ;;		Unchanged: 0/0
   971 ;; Data sizes:     COMMON   BANK0   BANK1   BANK3   BANK2
   972 ;;      Params:         0       0       0       0       0
   973 ;;      Locals:         0       0       0       0       0
   974 ;;      Temps:          0       0       0       0       0
   975 ;;      Totals:         0       0       0       0       0
   976 ;;Total ram usage:        0 bytes
   977 ;; Hardware stack levels used: 1
   978 ;; This function calls:
   979 ;;		Nothing
   980 ;; This function is called by:
   981 ;;		_main
   982 ;; This function uses a non-reentrant model
   983 ;;
   984                           
   985  0631                     _port_conf_r2:	
   986                           ;psect for function _port_conf_r2
   987                           
   988  0631                     l1035:	
   989                           ;incstack = 0
   990                           ; Regs used in _port_conf_r2: [wreg+status,2]
   991                           
   992                           
   993                           ;Probador1.c: 203:         TRISA = 0xFF;
   994  0631  30FF               	movlw	255
   995  0632  1683               	bsf	3,5	;RP0=1, select bank1
   996  0633  1303               	bcf	3,6	;RP1=0, select bank1
   997  0634  0085               	movwf	5	;volatile
   998                           
   999                           ;Probador1.c: 204:         TRISB = 0xFF;
  1000  0635  30FF               	movlw	255
  1001  0636  0086               	movwf	6	;volatile
  1002                           
  1003                           ;Probador1.c: 205:         TRISC = 0xFF;
  1004  0637  30FF               	movlw	255
  1005  0638  0087               	movwf	7	;volatile
  1006                           
  1007                           ;Probador1.c: 206:         TRISD = 0xFF;
  1008  0639  30FF               	movlw	255
  1009  063A  0088               	movwf	8	;volatile
  1010  063B                     l1037:
  1011                           
  1012                           ;Probador1.c: 207:         PORTE = 0x00;
  1013  063B  1283               	bcf	3,5	;RP0=0, select bank0
  1014  063C  1303               	bcf	3,6	;RP1=0, select bank0
  1015  063D  0189               	clrf	9	;volatile
  1016  063E                     l124:
  1017  063E  0008               	return
  1018  063F                     __end_of_port_conf_r2:
  1019                           
  1020                           	psect	text4
  1021  063F                     __ptext4:	
  1022 ;; *************** function _port_conf_r1 *****************
  1023 ;; Defined at:
  1024 ;;		line 210 in file "Probador1.c"
  1025 ;; Parameters:    Size  Location     Type
  1026 ;;		None
  1027 ;; Auto vars:     Size  Location     Type
  1028 ;;		None
  1029 ;; Return value:  Size  Location     Type
  1030 ;;                  1    wreg      void 
  1031 ;; Registers used:
  1032 ;;		wreg, status,2
  1033 ;; Tracked objects:
  1034 ;;		On entry : 0/0
  1035 ;;		On exit  : 0/0
  1036 ;;		Unchanged: 0/0
  1037 ;; Data sizes:     COMMON   BANK0   BANK1   BANK3   BANK2
  1038 ;;      Params:         0       0       0       0       0
  1039 ;;      Locals:         0       0       0       0       0
  1040 ;;      Temps:          0       0       0       0       0
  1041 ;;      Totals:         0       0       0       0       0
  1042 ;;Total ram usage:        0 bytes
  1043 ;; Hardware stack levels used: 1
  1044 ;; This function calls:
  1045 ;;		Nothing
  1046 ;; This function is called by:
  1047 ;;		_main
  1048 ;; This function uses a non-reentrant model
  1049 ;;
  1050                           
  1051  063F                     _port_conf_r1:	
  1052                           ;psect for function _port_conf_r1
  1053                           
  1054  063F                     l1013:	
  1055                           ;incstack = 0
  1056                           ; Regs used in _port_conf_r1: [wreg+status,2]
  1057                           
  1058                           
  1059                           ;Probador1.c: 211:         puerto = 0;
  1060  063F  01FC               	clrf	_puerto
  1061                           
  1062                           ;Probador1.c: 212:         TRISA = 0b00000000;
  1063  0640  1683               	bsf	3,5	;RP0=1, select bank1
  1064  0641  1303               	bcf	3,6	;RP1=0, select bank1
  1065  0642  0185               	clrf	5	;volatile
  1066                           
  1067                           ;Probador1.c: 213:         TRISB = 0b00000000;
  1068  0643  0186               	clrf	6	;volatile
  1069                           
  1070                           ;Probador1.c: 214:         TRISC = 0b00000000;
  1071  0644  0187               	clrf	7	;volatile
  1072                           
  1073                           ;Probador1.c: 215:         TRISD = 0b00000000;
  1074  0645  0188               	clrf	8	;volatile
  1075  0646                     l1015:
  1076                           
  1077                           ;Probador1.c: 216:         ADCON1 = 0b00000111;
  1078  0646  3007               	movlw	7
  1079  0647  009F               	movwf	31	;volatile
  1080  0648                     l1017:
  1081                           
  1082                           ;Probador1.c: 217:         PORTB = 0;
  1083  0648  1283               	bcf	3,5	;RP0=0, select bank0
  1084  0649  1303               	bcf	3,6	;RP1=0, select bank0
  1085  064A  0186               	clrf	6	;volatile
  1086  064B                     l1019:
  1087                           
  1088                           ;Probador1.c: 218:         PORTC = 0;
  1089  064B  0187               	clrf	7	;volatile
  1090  064C                     l1021:
  1091                           
  1092                           ;Probador1.c: 219:         PORTD = 0;
  1093  064C  0188               	clrf	8	;volatile
  1094  064D                     l1023:
  1095                           
  1096                           ;Probador1.c: 220:         PORTE = 0;
  1097  064D  0189               	clrf	9	;volatile
  1098  064E                     l127:
  1099  064E  0008               	return
  1100  064F                     __end_of_port_conf_r1:
  1101                           
  1102                           	psect	text5
  1103  064F                     __ptext5:	
  1104 ;; *************** function _Prueba_sal *****************
  1105 ;; Defined at:
  1106 ;;		line 231 in file "Probador1.c"
  1107 ;; Parameters:    Size  Location     Type
  1108 ;;		None
  1109 ;; Auto vars:     Size  Location     Type
  1110 ;;  i               1    4[COMMON] unsigned char 
  1111 ;; Return value:  Size  Location     Type
  1112 ;;                  1    wreg      void 
  1113 ;; Registers used:
  1114 ;;		wreg, fsr0l, fsr0h, status,2, status,0, pclath, cstack
  1115 ;; Tracked objects:
  1116 ;;		On entry : 0/0
  1117 ;;		On exit  : 0/0
  1118 ;;		Unchanged: 0/0
  1119 ;; Data sizes:     COMMON   BANK0   BANK1   BANK3   BANK2
  1120 ;;      Params:         0       0       0       0       0
  1121 ;;      Locals:         1       0       0       0       0
  1122 ;;      Temps:          1       0       0       0       0
  1123 ;;      Totals:         2       0       0       0       0
  1124 ;;Total ram usage:        2 bytes
  1125 ;; Hardware stack levels used: 1
  1126 ;; Hardware stack levels required when called: 1
  1127 ;; This function calls:
  1128 ;;		_salidas
  1129 ;; This function is called by:
  1130 ;;		_main
  1131 ;; This function uses a non-reentrant model
  1132 ;;
  1133                           
  1134  064F                     _Prueba_sal:	
  1135                           ;psect for function _Prueba_sal
  1136                           
  1137  064F                     l1027:	
  1138                           ;incstack = 0
  1139                           ; Regs used in _Prueba_sal: [wreg-fsr0h+status,2+status,0+pclath+cstack]
  1140                           
  1141                           
  1142                           ;Probador1.c: 232:         for (unsigned char i = 0; i < nro_pin; i++) {
  1143  064F  01F4               	clrf	Prueba_sal@i
  1144  0650  2E5B               	goto	l1033
  1145  0651                     l1029:
  1146                           
  1147                           ;Probador1.c: 233:             salidas(i);
  1148  0651  0874               	movf	Prueba_sal@i,w
  1149  0652  120A  118A  2662  120A  118A  	fcall	_salidas
  1150  0657                     l1031:
  1151                           
  1152                           ;Probador1.c: 234:         }
  1153  0657  3001               	movlw	1
  1154  0658  00F3               	movwf	??_Prueba_sal
  1155  0659  0873               	movf	??_Prueba_sal,w
  1156  065A  07F4               	addwf	Prueba_sal@i,f
  1157  065B                     l1033:
  1158  065B  087D               	movf	_nro_pin,w
  1159  065C  0274               	subwf	Prueba_sal@i,w
  1160  065D  1C03               	skipc
  1161  065E  2E60               	goto	u271
  1162  065F  2E61               	goto	u270
  1163  0660                     u271:
  1164  0660  2E51               	goto	l1029
  1165  0661                     u270:
  1166  0661                     l139:
  1167  0661  0008               	return
  1168  0662                     __end_of_Prueba_sal:
  1169                           
  1170                           	psect	text6
  1171  0662                     __ptext6:	
  1172 ;; *************** function _salidas *****************
  1173 ;; Defined at:
  1174 ;;		line 237 in file "Probador1.c"
  1175 ;; Parameters:    Size  Location     Type
  1176 ;;  i               1    wreg     unsigned char 
  1177 ;; Auto vars:     Size  Location     Type
  1178 ;;  i               1    2[COMMON] unsigned char 
  1179 ;; Return value:  Size  Location     Type
  1180 ;;                  1    wreg      void 
  1181 ;; Registers used:
  1182 ;;		wreg, fsr0l, fsr0h, status,2, status,0
  1183 ;; Tracked objects:
  1184 ;;		On entry : 0/0
  1185 ;;		On exit  : 0/0
  1186 ;;		Unchanged: 0/0
  1187 ;; Data sizes:     COMMON   BANK0   BANK1   BANK3   BANK2
  1188 ;;      Params:         0       0       0       0       0
  1189 ;;      Locals:         1       0       0       0       0
  1190 ;;      Temps:          2       0       0       0       0
  1191 ;;      Totals:         3       0       0       0       0
  1192 ;;Total ram usage:        3 bytes
  1193 ;; Hardware stack levels used: 1
  1194 ;; This function calls:
  1195 ;;		Nothing
  1196 ;; This function is called by:
  1197 ;;		_Prueba_sal
  1198 ;; This function uses a non-reentrant model
  1199 ;;
  1200                           
  1201  0662                     _salidas:	
  1202                           ;psect for function _salidas
  1203                           
  1204                           
  1205                           ;incstack = 0
  1206                           ; Regs used in _salidas: [wreg-fsr0h+status,2+status,0]
  1207                           ;salidas@i stored from wreg
  1208  0662  00F2               	movwf	salidas@i
  1209  0663                     l983:
  1210                           
  1211                           ;Probador1.c: 238:         switch (puerto) {
  1212  0663  2EB2               	goto	l1007
  1213  0664                     l985:
  1214                           
  1215                           ;Probador1.c: 240:                 PORTA = (1 << i);
  1216  0664  3001               	movlw	1
  1217  0665  00F0               	movwf	??_salidas
  1218  0666  0A72               	incf	salidas@i,w
  1219  0667  2E6A               	goto	u224
  1220  0668                     u225:
  1221  0668  1003               	clrc
  1222  0669  0DF0               	rlf	??_salidas,f
  1223  066A                     u224:
  1224  066A  3EFF               	addlw	-1
  1225  066B  1D03               	skipz
  1226  066C  2E68               	goto	u225
  1227  066D  0870               	movf	??_salidas,w
  1228  066E  1283               	bcf	3,5	;RP0=0, select bank0
  1229  066F  1303               	bcf	3,6	;RP1=0, select bank0
  1230  0670  0085               	movwf	5	;volatile
  1231  0671                     l987:
  1232                           
  1233                           ;Probador1.c: 241:                 _delay((unsigned long)((150)*(4000000UL/4000.0)));
  1234  0671  30C3               	movlw	195
  1235  0672  00F1               	movwf	??_salidas+1
  1236  0673  30CD               	movlw	205
  1237  0674  00F0               	movwf	??_salidas
  1238  0675                     u467:
  1239  0675  0BF0               	decfsz	??_salidas,f
  1240  0676  2E75               	goto	u467
  1241  0677  0BF1               	decfsz	??_salidas+1,f
  1242  0678  2E75               	goto	u467
  1243                           
  1244                           ;Probador1.c: 242:                 break;
  1245  0679  2ECB               	goto	l149
  1246  067A                     l989:
  1247                           
  1248                           ;Probador1.c: 244:                 PORTB = (1 << i);
  1249  067A  3001               	movlw	1
  1250  067B  00F0               	movwf	??_salidas
  1251  067C  0A72               	incf	salidas@i,w
  1252  067D  2E80               	goto	u234
  1253  067E                     u235:
  1254  067E  1003               	clrc
  1255  067F  0DF0               	rlf	??_salidas,f
  1256  0680                     u234:
  1257  0680  3EFF               	addlw	-1
  1258  0681  1D03               	skipz
  1259  0682  2E7E               	goto	u235
  1260  0683  0870               	movf	??_salidas,w
  1261  0684  1283               	bcf	3,5	;RP0=0, select bank0
  1262  0685  1303               	bcf	3,6	;RP1=0, select bank0
  1263  0686  0086               	movwf	6	;volatile
  1264  0687  2E71               	goto	l987
  1265  0688                     l993:
  1266                           
  1267                           ;Probador1.c: 248:                 PORTC = (1 << i);
  1268  0688  3001               	movlw	1
  1269  0689  00F0               	movwf	??_salidas
  1270  068A  0A72               	incf	salidas@i,w
  1271  068B  2E8E               	goto	u244
  1272  068C                     u245:
  1273  068C  1003               	clrc
  1274  068D  0DF0               	rlf	??_salidas,f
  1275  068E                     u244:
  1276  068E  3EFF               	addlw	-1
  1277  068F  1D03               	skipz
  1278  0690  2E8C               	goto	u245
  1279  0691  0870               	movf	??_salidas,w
  1280  0692  1283               	bcf	3,5	;RP0=0, select bank0
  1281  0693  1303               	bcf	3,6	;RP1=0, select bank0
  1282  0694  0087               	movwf	7	;volatile
  1283  0695  2E71               	goto	l987
  1284  0696                     l997:
  1285                           
  1286                           ;Probador1.c: 252:                 PORTD = (1 << i);
  1287  0696  3001               	movlw	1
  1288  0697  00F0               	movwf	??_salidas
  1289  0698  0A72               	incf	salidas@i,w
  1290  0699  2E9C               	goto	u254
  1291  069A                     u255:
  1292  069A  1003               	clrc
  1293  069B  0DF0               	rlf	??_salidas,f
  1294  069C                     u254:
  1295  069C  3EFF               	addlw	-1
  1296  069D  1D03               	skipz
  1297  069E  2E9A               	goto	u255
  1298  069F  0870               	movf	??_salidas,w
  1299  06A0  1283               	bcf	3,5	;RP0=0, select bank0
  1300  06A1  1303               	bcf	3,6	;RP1=0, select bank0
  1301  06A2  0088               	movwf	8	;volatile
  1302  06A3  2E71               	goto	l987
  1303  06A4                     l1001:
  1304                           
  1305                           ;Probador1.c: 256:                 PORTE = (1 << i);
  1306  06A4  3001               	movlw	1
  1307  06A5  00F0               	movwf	??_salidas
  1308  06A6  0A72               	incf	salidas@i,w
  1309  06A7  2EAA               	goto	u264
  1310  06A8                     u265:
  1311  06A8  1003               	clrc
  1312  06A9  0DF0               	rlf	??_salidas,f
  1313  06AA                     u264:
  1314  06AA  3EFF               	addlw	-1
  1315  06AB  1D03               	skipz
  1316  06AC  2EA8               	goto	u265
  1317  06AD  0870               	movf	??_salidas,w
  1318  06AE  1283               	bcf	3,5	;RP0=0, select bank0
  1319  06AF  1303               	bcf	3,6	;RP1=0, select bank0
  1320  06B0  0089               	movwf	9	;volatile
  1321  06B1  2E71               	goto	l987
  1322  06B2                     l1007:
  1323  06B2  087C               	movf	_puerto,w
  1324  06B3  00F0               	movwf	??_salidas
  1325  06B4  01F1               	clrf	??_salidas+1
  1326                           
  1327                           ; Switch on 2 bytes has been partitioned into a top level switch of size 1, and 1 sub-sw
      +                          itches
  1328                           ; Switch size 1, requested type "simple"
  1329                           ; Number of cases is 1, Range of values is 0 to 0
  1330                           ; switch strategies available:
  1331                           ; Name         Instructions Cycles
  1332                           ; simple_byte            4     3 (average)
  1333                           ; direct_byte           11     8 (fixed)
  1334                           ; jumptable            260     6 (fixed)
  1335                           ;	Chosen strategy is simple_byte
  1336  06B5  0871               	movf	??_salidas+1,w
  1337  06B6  3A00               	xorlw	0	; case 0
  1338  06B7  1903               	skipnz
  1339  06B8  2EBA               	goto	l1215
  1340  06B9  2ECB               	goto	l149
  1341  06BA                     l1215:
  1342                           
  1343                           ; Switch size 1, requested type "simple"
  1344                           ; Number of cases is 5, Range of values is 0 to 4
  1345                           ; switch strategies available:
  1346                           ; Name         Instructions Cycles
  1347                           ; simple_byte           16     9 (average)
  1348                           ; direct_byte           23     8 (fixed)
  1349                           ; jumptable            260     6 (fixed)
  1350                           ;	Chosen strategy is simple_byte
  1351  06BA  0870               	movf	??_salidas,w
  1352  06BB  3A00               	xorlw	0	; case 0
  1353  06BC  1903               	skipnz
  1354  06BD  2E64               	goto	l985
  1355  06BE  3A01               	xorlw	1	; case 1
  1356  06BF  1903               	skipnz
  1357  06C0  2E7A               	goto	l989
  1358  06C1  3A03               	xorlw	3	; case 2
  1359  06C2  1903               	skipnz
  1360  06C3  2E88               	goto	l993
  1361  06C4  3A01               	xorlw	1	; case 3
  1362  06C5  1903               	skipnz
  1363  06C6  2E96               	goto	l997
  1364  06C7  3A07               	xorlw	7	; case 4
  1365  06C8  1903               	skipnz
  1366  06C9  2EA4               	goto	l1001
  1367  06CA  2ECB               	goto	l149
  1368  06CB                     l149:
  1369  06CB  0008               	return
  1370  06CC                     __end_of_salidas:
  1371  007E                     btemp	set	126	;btemp
  1372  007E                     wtemp0	set	126
  1373                           
  1374                           	psect	idloc
  1375                           
  1376                           ;Config register IDLOC0 @ 0x2000
  1377                           ;	unspecified, using default values
  1378  2000                     	org	8192
  1379  2000  3FFF               	dw	16383
  1380                           
  1381                           ;Config register IDLOC1 @ 0x2001
  1382                           ;	unspecified, using default values
  1383  2001                     	org	8193
  1384  2001  3FFF               	dw	16383
  1385                           
  1386                           ;Config register IDLOC2 @ 0x2002
  1387                           ;	unspecified, using default values
  1388  2002                     	org	8194
  1389  2002  3FFF               	dw	16383
  1390                           
  1391                           ;Config register IDLOC3 @ 0x2003
  1392                           ;	unspecified, using default values
  1393  2003                     	org	8195
  1394  2003  3FFF               	dw	16383
  1395                           
  1396                           	psect	config
  1397                           
  1398                           ;Config register CONFIG @ 0x2007
  1399                           ;	Oscillator Selection bits
  1400                           ;	FOSC = XT, XT oscillator
  1401                           ;	Watchdog Timer Enable bit
  1402                           ;	WDTE = OFF, WDT disabled
  1403                           ;	Power-up Timer Enable bit
  1404                           ;	PWRTE = ON, PWRT enabled
  1405                           ;	Brown-out Reset Enable bit
  1406                           ;	BOREN = ON, BOR enabled
  1407                           ;	Low-Voltage (Single-Supply) In-Circuit Serial Programming Enable bit
  1408                           ;	LVP = OFF, RB3 is digital I/O, HV on MCLR must be used for programming
  1409                           ;	Data EEPROM Memory Code Protection bit
  1410                           ;	CPD = OFF, Data EEPROM code protection off
  1411                           ;	Flash Program Memory Write Enable bits
  1412                           ;	WRT = OFF, Write protection off; all program memory may be written to by EECON control
  1413                           ;	In-Circuit Debugger Mode bit
  1414                           ;	DEBUG = 0x1, unprogrammed default
  1415                           ;	Flash Program Memory Code Protection bit
  1416                           ;	CP = OFF, Code protection off
  1417  2007                     	org	8199
  1418  2007  3F71               	dw	16241

Data Sizes:
    Strings     0
    Constant    0
    Data        2
    BSS         4
    Persistent  1
    Stack       0

Auto Spaces:
    Space          Size  Autos    Used
    COMMON           14     10      14
    BANK0            80      0       3
    BANK1            80      0       0
    BANK3            96      0       0
    BANK2            96      0       0

Pointer List with Targets:

    None.

Critical Paths under _main in COMMON

    _main->_Prueba_sal
    _Prueba_sal->_salidas

Critical Paths under _main in BANK0

    None.

Critical Paths under _main in BANK1

    None.

Critical Paths under _main in BANK3

    None.

Critical Paths under _main in BANK2

    None.

Call Graph Tables:

 ---------------------------------------------------------------------------------
 (Depth) Function   	        Calls       Base Space   Used Autos Params    Refs
 ---------------------------------------------------------------------------------
 (0) _main                                                 5     5      0     270
                                              5 COMMON     5     5      0
                         _Prueba_sal
                       _port_conf_r1
                       _port_conf_r2
                          _porte_ent
                          _porte_sal
 ---------------------------------------------------------------------------------
 (1) _porte_sal                                            0     0      0       0
 ---------------------------------------------------------------------------------
 (1) _porte_ent                                            0     0      0       0
 ---------------------------------------------------------------------------------
 (1) _port_conf_r2                                         0     0      0       0
 ---------------------------------------------------------------------------------
 (1) _port_conf_r1                                         0     0      0       0
 ---------------------------------------------------------------------------------
 (1) _Prueba_sal                                           2     2      0     156
                                              3 COMMON     2     2      0
                            _salidas
 ---------------------------------------------------------------------------------
 (2) _salidas                                              3     3      0     110
                                              0 COMMON     3     3      0
 ---------------------------------------------------------------------------------
 Estimated maximum stack depth 2
 ---------------------------------------------------------------------------------

 Call Graph Graphs:

 _main (ROOT)
   _Prueba_sal
     _salidas
   _port_conf_r1
   _port_conf_r2
   _porte_ent
   _porte_sal

 Address spaces:
Name               Size   Autos  Total    Cost      Usage
BANK3               60      0       0       9        0.0%
BITBANK3            60      0       0       8        0.0%
SFR3                 0      0       0       4        0.0%
BITSFR3              0      0       0       4        0.0%
BANK2               60      0       0      11        0.0%
BITBANK2            60      0       0      10        0.0%
SFR2                 0      0       0       5        0.0%
BITSFR2              0      0       0       5        0.0%
BANK1               50      0       0       7        0.0%
BITBANK1            50      0       0       6        0.0%
SFR1                 0      0       0       2        0.0%
BITSFR1              0      0       0       2        0.0%
BANK0               50      0       3       5        3.8%
BITBANK0            50      0       0       4        0.0%
SFR0                 0      0       0       1        0.0%
BITSFR0              0      0       0       1        0.0%
COMMON               E      A       E       1      100.0%
BITCOMMON            E      0       0       0        0.0%
CODE                 0      0       0       0        0.0%
DATA                 0      0      11      12        0.0%
ABS                  0      0      11       3        0.0%
NULL                 0      0       0       0        0.0%
STACK                0      0       0       2        0.0%
EEDATA             100      0       0       0        0.0%


Microchip Technology PIC Macro Assembler V2.36 build 20220127204148 
Symbol Table                                                                                   Tue Apr 08 21:51:17 2025

                     l62 06E4                       l81 0728                       l65 06EA  
                     l85 0735                       l78 0708                       l95 0751  
                     l96 0763                       _xx 007A                      l103 077C  
                    l130 0630                      l115 07B8                      l124 063E  
                    l133 062B                      l109 0791                      l127 064E  
                    l139 0661                      l149 06CB                      l983 0663  
                    l993 0688                      l985 0664                      l987 0671  
                    l997 0696                      l989 067A                      _RE0 0048  
                    _RE1 0049                      _RE2 004A                      u310 0710  
                    u311 070F                      u224 066A                      u400 0795  
                    u320 0720                      u304 0701                      u225 0668  
                    u401 0794                      u321 071F                      u305 06FF  
                    u234 0680                      u410 07B3                      u330 0734  
                    u235 067E                      u411 07B2                      u331 0733  
                    u244 068E                      u420 07BC                      u245 068C  
                    u421 07BB                      u254 069C                      u270 0661  
                    u350 0759                      u255 069A                      u271 0660  
                    u351 0758                      u264 06AA                      u360 076F  
                    u344 074A                      u280 06E3                      u265 06A8  
                    u361 076E                      u345 0748                      u281 06E2  
                    u370 077B                      u290 06EA                      u371 077A  
                    u291 06E9                      u380 0780                      u381 077F  
                    u437 0715                      u390 0790                      u391 078F  
                    u447 075E                      u457 07E1                      u467 0675  
                   l1001 06A4                     l1021 064C                     l1013 063F  
                   l1101 073D                     l1007 06B2                     l1031 0657  
                   l1023 064D                     l1015 0646                     l1103 0742  
                   l1033 065B                     l1017 0648                     l1025 062C  
                   l1121 0775                     l1113 0765                     l1105 0744  
                   l1041 06CC                     l1027 064F                     l1019 064B  
                   l1035 0631                     l1107 0759                     l1115 0769  
                   l1043 06D6                     l1029 0651                     l1037 063B  
                   l1213 07CA                     l1141 07AD                     l1133 0795  
                   l1125 0780                     l1109 075A                     l1061 06EF  
                   l1045 06DC                     l1215 06BA                     l1039 0628  
                   l1143 07B3                     l1135 079D                     l1127 0785  
                   l1119 0770                     l1071 0710                     l1047 06DE  
                   l1137 07A3                     l1129 078A                     l1081 0726  
                   l1073 0711                     l1065 06F4                     l1153 07C2  
                   l1147 07BC                     l1139 07A8                     l1075 071A  
                   l1067 06F9                     l1155 07DB                     l1059 06ED  
                   l1149 07BD                     l1077 0720                     l1085 072A  
                   l1069 06FB                     l1079 0722                     l1087 072E  
                   l1097 0738                     _caso 0021                     _main 06CC  
                   _mask 007B                     btemp 007E                     start 0000  
                  ?_main 0070                    _PORTA 0005                    _PORTB 0006  
                  _PORTC 0007                    _PORTD 0008                    _PORTE 0009  
                  _TRISA 0085                    _TRISB 0086                    _TRISC 0087  
                  _TRISD 0088                    _TRISE 0089          __end_of_salidas 06CC  
                  main@i 0079                    status 0003                    wtemp0 007E  
        __initialization 07EC             __end_of_main 07EC                   ??_main 0075  
                 _ADCON1 009F                   _prueba 0022                   _puerto 007C  
             _Prueba_sal 064F             __pdataCOMMON 007D                ??_salidas 0070  
__end_of__initialization 07FC           __pcstackCOMMON 0070             __pidataBANK0 0626  
             __pbssBANK0 0021               __pmaintext 06CC              ?_Prueba_sal 0070  
                __ptext1 0628                  __ptext2 062C                  __ptext3 0631  
                __ptext4 063F                  __ptext5 064F                  __ptext6 0662  
                _salidas 0662                  _nro_pin 007D     end_of_initialization 07FC  
      __end_of_porte_ent 0631        __end_of_porte_sal 062C              Prueba_sal@i 0074  
          ?_port_conf_r1 0070            ?_port_conf_r2 0070            __pidataCOMMON 0627  
    start_initialization 07EC           ??_port_conf_r1 0070           ??_port_conf_r2 0070  
            __pdataBANK0 0022             ??_Prueba_sal 0073              __pbssCOMMON 007A  
              ___latbits 0002                __pnvBANK0 0020       __end_of_Prueba_sal 0662  
               ?_salidas 0070     __end_of_port_conf_r1 064F     __end_of_port_conf_r2 063F  
              _porte_ent 062C                _porte_sal 0628               ?_porte_ent 0070  
             ?_porte_sal 0070                 _port_act 0020                 main@i_80 0078  
               salidas@i 0072              ??_porte_ent 0070              ??_porte_sal 0070  
           _port_conf_r1 063F             _port_conf_r2 0631  
