

Microchip Technology PIC LITE Macro Assembler V1.36 build -262312587 
                                                                                               Fri Apr 11 10:56:43 2025

Microchip Technology Omniscient Code Generator v1.36 (Free mode) build 201601150325
     1                           	processor	16F877A
     2                           	opt	pw 120
     3                           	opt	lm
     4                           	psect	idataBANK0,global,class=CODE,delta=2
     5                           	psect	nvBANK0,global,class=BANK0,space=1,delta=1
     6                           	psect	cinit,global,class=CODE,merge=1,delta=2
     7                           	psect	bssCOMMON,global,class=COMMON,space=1,delta=1
     8                           	psect	bssBANK0,global,class=BANK0,space=1,delta=1
     9                           	psect	dataBANK0,global,class=BANK0,space=1,delta=1
    10                           	psect	cstackCOMMON,global,class=COMMON,space=1,delta=1
    11                           	psect	maintext,global,class=CODE,split=1,delta=2
    12                           	psect	text1,local,class=CODE,merge=1,delta=2
    13                           	psect	text2,local,class=CODE,merge=1,delta=2
    14                           	psect	text3,local,class=CODE,merge=1,delta=2
    15                           	psect	text4,local,class=CODE,merge=1,delta=2
    16                           	psect	text5,local,class=CODE,merge=1,delta=2
    17                           	psect	text6,local,class=CODE,merge=1,delta=2
    18                           	dabs	1,0x7E,2
    19  0000                     	;# 
    20  0001                     	;# 
    21  0002                     	;# 
    22  0003                     	;# 
    23  0004                     	;# 
    24  0005                     	;# 
    25  0006                     	;# 
    26  0007                     	;# 
    27  0008                     	;# 
    28  0009                     	;# 
    29  000A                     	;# 
    30  000B                     	;# 
    31  000C                     	;# 
    32  000D                     	;# 
    33  000E                     	;# 
    34  000E                     	;# 
    35  000F                     	;# 
    36  0010                     	;# 
    37  0011                     	;# 
    38  0012                     	;# 
    39  0013                     	;# 
    40  0014                     	;# 
    41  0015                     	;# 
    42  0015                     	;# 
    43  0016                     	;# 
    44  0017                     	;# 
    45  0018                     	;# 
    46  0019                     	;# 
    47  001A                     	;# 
    48  001B                     	;# 
    49  001B                     	;# 
    50  001C                     	;# 
    51  001D                     	;# 
    52  001E                     	;# 
    53  001F                     	;# 
    54  0081                     	;# 
    55  0085                     	;# 
    56  0086                     	;# 
    57  0087                     	;# 
    58  0088                     	;# 
    59  0089                     	;# 
    60  008C                     	;# 
    61  008D                     	;# 
    62  008E                     	;# 
    63  0091                     	;# 
    64  0092                     	;# 
    65  0093                     	;# 
    66  0094                     	;# 
    67  0098                     	;# 
    68  0099                     	;# 
    69  009C                     	;# 
    70  009D                     	;# 
    71  009E                     	;# 
    72  009F                     	;# 
    73  010C                     	;# 
    74  010D                     	;# 
    75  010E                     	;# 
    76  010F                     	;# 
    77  018C                     	;# 
    78  018D                     	;# 
    79                           
    80                           	psect	idataBANK0
    81  0514                     __pidataBANK0:	
    82                           
    83                           ;initializer for _nro_pin
    84  0514  3407               	retlw	7
    85                           
    86                           ;initializer for _prueba
    87  0515  3401               	retlw	1
    88                           
    89                           	psect	nvBANK0
    90  0026                     __pnvBANK0:	
    91  0026                     _port_act:	
    92  0026                     	ds	1
    93  0005                     _PORTA	set	5
    94  0006                     _PORTB	set	6
    95  0007                     _PORTC	set	7
    96  0008                     _PORTD	set	8
    97  0009                     _PORTE	set	9
    98  0048                     _RE0	set	72
    99  0049                     _RE1	set	73
   100  004A                     _RE2	set	74
   101  009F                     _ADCON1	set	159
   102  0085                     _TRISA	set	133
   103  0086                     _TRISB	set	134
   104  0087                     _TRISC	set	135
   105  0088                     _TRISD	set	136
   106  0089                     _TRISE	set	137
   107                           
   108                           ; #config settings
   109  0000                     
   110                           	psect	cinit
   111  07ED                     start_initialization:	
   112  07ED                     __initialization:	
   113                           
   114                           ; Clear objects allocated to COMMON
   115  07ED  01FD               	clrf	__pbssCOMMON& (0+127)
   116                           
   117                           ; Clear objects allocated to BANK0
   118  07EE  01A0               	clrf	__pbssBANK0& (0+127)
   119  07EF  01A1               	clrf	(__pbssBANK0+1)& (0+127)
   120  07F0  01A2               	clrf	(__pbssBANK0+2)& (0+127)
   121  07F1  01A3               	clrf	(__pbssBANK0+3)& (0+127)
   122                           
   123                           ; Initialize objects allocated to BANK0
   124  07F2  120A  118A  2514  120A  118A  	fcall	__pidataBANK0	;fetch initializer
   125  07F7  00A4               	movwf	__pdataBANK0& (0+127)
   126  07F8  120A  118A  2515   	fcall	__pidataBANK0+1	;fetch initializer
   127  07FB  00A5               	movwf	(__pdataBANK0+1)& (0+127)
   128  07FC                     end_of_initialization:	
   129                           ;End of C runtime variable initialization code
   130                           
   131  07FC                     __end_of__initialization:	
   132  07FC  0183               	clrf	3
   133  07FD  120A  118A  2DD2   	ljmp	_main	;jump to C main() function
   134                           
   135                           	psect	bssCOMMON
   136  007D                     __pbssCOMMON:	
   137  007D                     _incremento:	
   138  007D                     	ds	1
   139                           
   140                           	psect	bssBANK0
   141  0020                     __pbssBANK0:	
   142  0020                     _caso:	
   143  0020                     	ds	1
   144  0021                     _mask:	
   145  0021                     	ds	1
   146  0022                     _puerto:	
   147  0022                     	ds	1
   148  0023                     _xx:	
   149  0023                     	ds	1
   150                           
   151                           	psect	dataBANK0
   152  0024                     __pdataBANK0:	
   153  0024                     _nro_pin:	
   154  0024                     	ds	1
   155  0025                     _prueba:	
   156  0025                     	ds	1
   157                           
   158                           	psect	cstackCOMMON
   159  0070                     __pcstackCOMMON:	
   160  0070                     ?_port_conf_r1:	
   161  0070                     ??_port_conf_r1:	
   162                           ; 1 bytes @ 0x0
   163                           
   164  0070                     ?_porte_ent:	
   165                           ; 1 bytes @ 0x0
   166                           
   167  0070                     ??_porte_ent:	
   168                           ; 1 bytes @ 0x0
   169                           
   170  0070                     ?_Prueba_sal:	
   171                           ; 1 bytes @ 0x0
   172                           
   173  0070                     ?_port_conf_r2:	
   174                           ; 1 bytes @ 0x0
   175                           
   176  0070                     ??_port_conf_r2:	
   177                           ; 1 bytes @ 0x0
   178                           
   179  0070                     ?_porte_sal:	
   180                           ; 1 bytes @ 0x0
   181                           
   182  0070                     ??_porte_sal:	
   183                           ; 1 bytes @ 0x0
   184                           
   185  0070                     ?_salidas:	
   186                           ; 1 bytes @ 0x0
   187                           
   188  0070                     ??_salidas:	
   189                           ; 1 bytes @ 0x0
   190                           
   191  0070                     ?_main:	
   192                           ; 1 bytes @ 0x0
   193                           
   194                           
   195                           ; 1 bytes @ 0x0
   196  0070                     	ds	2
   197  0072                     salidas@i:	
   198                           
   199                           ; 1 bytes @ 0x2
   200  0072                     	ds	1
   201  0073                     ??_Prueba_sal:	
   202                           
   203                           ; 1 bytes @ 0x3
   204  0073                     	ds	1
   205  0074                     Prueba_sal@i:	
   206                           
   207                           ; 1 bytes @ 0x4
   208  0074                     	ds	1
   209  0075                     ??_main:	
   210                           
   211                           ; 1 bytes @ 0x5
   212  0075                     	ds	3
   213  0078                     main@i:	
   214                           
   215                           ; 1 bytes @ 0x8
   216  0078                     	ds	1
   217  0079                     main@i_74:	
   218                           
   219                           ; 1 bytes @ 0x9
   220  0079                     	ds	1
   221  007A                     main@i_75:	
   222                           
   223                           ; 1 bytes @ 0xA
   224  007A                     	ds	1
   225  007B                     main@i_76:	
   226                           
   227                           ; 1 bytes @ 0xB
   228  007B                     	ds	1
   229  007C                     main@i_77:	
   230                           
   231                           ; 1 bytes @ 0xC
   232  007C                     	ds	1
   233                           
   234                           	psect	maintext
   235  05D2                     __pmaintext:	
   236 ;;
   237 ;;Main: autosize = 0, tempsize = 3, incstack = 0, save=0
   238 ;;
   239 ;; *************** function _main *****************
   240 ;; Defined at:
   241 ;;		line 41 in file "Probador1.c"
   242 ;; Parameters:    Size  Location     Type
   243 ;;		None
   244 ;; Auto vars:     Size  Location     Type
   245 ;;  i               1   12[COMMON] unsigned char 
   246 ;;  i               1   11[COMMON] unsigned char 
   247 ;;  i               1   10[COMMON] unsigned char 
   248 ;;  i               1    9[COMMON] unsigned char 
   249 ;;  i               1    8[COMMON] unsigned char 
   250 ;; Return value:  Size  Location     Type
   251 ;;                  1    wreg      void 
   252 ;; Registers used:
   253 ;;		wreg, fsr0l, fsr0h, status,2, status,0, pclath, cstack
   254 ;; Tracked objects:
   255 ;;		On entry : B00/0
   256 ;;		On exit  : 0/0
   257 ;;		Unchanged: 0/0
   258 ;; Data sizes:     COMMON   BANK0   BANK1   BANK3   BANK2
   259 ;;      Params:         0       0       0       0       0
   260 ;;      Locals:         5       0       0       0       0
   261 ;;      Temps:          3       0       0       0       0
   262 ;;      Totals:         8       0       0       0       0
   263 ;;Total ram usage:        8 bytes
   264 ;; Hardware stack levels required when called:    2
   265 ;; This function calls:
   266 ;;		_Prueba_sal
   267 ;;		_port_conf_r1
   268 ;;		_port_conf_r2
   269 ;;		_porte_ent
   270 ;;		_porte_sal
   271 ;; This function is called by:
   272 ;;		Startup code after reset
   273 ;; This function uses a non-reentrant model
   274 ;;
   275                           
   276                           
   277                           ;psect for function _main
   278  05D2                     _main:	
   279                           
   280                           ;Probador1.c: 42: port_conf_r1();
   281                           
   282                           ;incstack = 0
   283                           ; Regs used in _main: [wreg-fsr0h+status,2+status,0+pclath+cstack]
   284  05D2  120A  118A  252D  120A  118A  	fcall	_port_conf_r1
   285                           
   286                           ;Probador1.c: 43: porte_ent();
   287  05D7  120A  118A  251A  120A  118A  	fcall	_porte_ent
   288                           
   289                           ;Probador1.c: 44: port_act = PORTA;
   290  05DC  1283               	bcf	3,5	;RP0=0, select bank0
   291  05DD  1303               	bcf	3,6	;RP1=0, select bank0
   292  05DE  0805               	movf	5,w	;volatile
   293  05DF  00F5               	movwf	??_main
   294  05E0  0875               	movf	??_main,w
   295  05E1  00A6               	movwf	_port_act
   296  05E2  2E03               	goto	l994
   297  05E3                     l982:	
   298                           ;Probador1.c: 49: while (RE0 == 0) {
   299                           
   300                           ;Probador1.c: 47: while (1) {
   301                           
   302                           ;Probador1.c: 45: puerto = 0;
   303                           
   304                           
   305                           ;Probador1.c: 50: if (xx == 1) {
   306  05E3  0323               	decf	_xx,w
   307  05E4  1903               	btfsc	3,2
   308  05E5  2DEA               	goto	l65
   309  05E6                     l62:	
   310                           ;Probador1.c: 52: }
   311                           ;Probador1.c: 53: continue;
   312                           
   313                           ;Probador1.c: 51: break;
   314                           
   315  05E6  1283               	bcf	3,5	;RP0=0, select bank0
   316  05E7  1303               	bcf	3,6	;RP1=0, select bank0
   317  05E8  1C09               	btfss	9,0	;volatile
   318  05E9  2DE3               	goto	l982
   319  05EA                     l65:	
   320                           
   321                           ;Probador1.c: 54: }
   322                           ;Probador1.c: 55: xx = 1;
   323  05EA  01A3               	clrf	_xx
   324  05EB  0AA3               	incf	_xx,f
   325                           
   326                           ;Probador1.c: 56: switch (puerto) {
   327  05EC  2FCB               	goto	l1180
   328  05ED                     l986:	
   329                           ;Probador1.c: 57: case 0:
   330                           
   331                           
   332                           ;Probador1.c: 58: if (prueba == 0) {
   333  05ED  0825               	movf	_prueba,w
   334  05EE  1D03               	btfss	3,2
   335  05EF  2E0B               	goto	l1002
   336                           
   337                           ;Probador1.c: 59: port_conf_r1();
   338  05F0  120A  118A  252D  120A  118A  	fcall	_port_conf_r1
   339                           
   340                           ;Probador1.c: 60: porte_ent();
   341  05F5  120A  118A  251A  120A  118A  	fcall	_porte_ent
   342                           
   343                           ;Probador1.c: 61: Prueba_sal();
   344  05FA  120A  118A  253C  120A  118A  	fcall	_Prueba_sal
   345  05FF                     l992:	
   346                           ;Probador1.c: 62: while (1) {
   347                           
   348                           
   349                           ;Probador1.c: 63: if (RE1 == 1) {
   350  05FF  1283               	bcf	3,5	;RP0=0, select bank0
   351  0600  1303               	bcf	3,6	;RP1=0, select bank0
   352  0601  1C89               	btfss	9,1	;volatile
   353  0602  2E05               	goto	l70
   354  0603                     l994:	
   355                           
   356                           ;Probador1.c: 64: puerto = 0;
   357  0603  01A2               	clrf	_puerto
   358                           
   359                           ;Probador1.c: 65: break;
   360  0604  2DE6               	goto	l62
   361  0605                     l70:	
   362                           
   363                           ;Probador1.c: 66: }
   364                           ;Probador1.c: 67: if (RE0 == 1) {
   365  0605  1C09               	btfss	9,0	;volatile
   366  0606  2DFF               	goto	l992
   367                           
   368                           ;Probador1.c: 68: puerto = 1;
   369  0607  01A2               	clrf	_puerto
   370  0608  0AA2               	incf	_puerto,f
   371                           
   372                           ;Probador1.c: 69: nro_pin = 9;
   373  0609  3009               	movlw	9
   374  060A  2F84               	goto	L1
   375  060B                     l1002:	
   376                           ;Probador1.c: 74: } else {
   377                           
   378                           ;Probador1.c: 71: }
   379                           ;Probador1.c: 72: }
   380                           ;Probador1.c: 73: break;
   381                           
   382                           ;Probador1.c: 70: break;
   383                           
   384                           
   385                           ;Probador1.c: 75: port_conf_r2();
   386  060B  120A  118A  251F  120A  118A  	fcall	_port_conf_r2
   387                           
   388                           ;Probador1.c: 76: mask = 1;
   389  0610  1283               	bcf	3,5	;RP0=0, select bank0
   390  0611  1303               	bcf	3,6	;RP1=0, select bank0
   391  0612  01A1               	clrf	_mask
   392  0613  0AA1               	incf	_mask,f
   393                           
   394                           ;Probador1.c: 77: incremento = 1;
   395  0614  01FD               	clrf	_incremento
   396  0615  0AFD               	incf	_incremento,f
   397                           
   398                           ;Probador1.c: 78: for (unsigned char i = 0; i < nro_pin; i = incremento) {
   399  0616  01F8               	clrf	main@i
   400  0617  0824               	movf	_nro_pin,w
   401  0618  0278               	subwf	main@i,w
   402  0619  1803               	btfsc	3,0
   403  061A  2E4D               	goto	l1028
   404  061B                     l1010:	
   405                           ;Probador1.c: 79: while (1) {
   406                           
   407                           
   408                           ;Probador1.c: 80: if (PORTA & mask) {
   409  061B  0805               	movf	5,w	;volatile
   410  061C  0521               	andwf	_mask,w
   411  061D  1903               	btfsc	3,2
   412  061E  2E47               	goto	l1022
   413                           
   414                           ;Probador1.c: 81: RE2 = 1;
   415  061F  1509               	bsf	9,2	;volatile
   416                           
   417                           ;Probador1.c: 82: _delay((unsigned long)((150)*(4000000UL/4000.0)));
   418  0620  30C3               	movlw	195
   419  0621  00F6               	movwf	??_main+1
   420  0622  30CD               	movlw	205
   421  0623  00F5               	movwf	??_main
   422  0624                     u877:	
   423  0624  0BF5               	decfsz	??_main,f
   424  0625  2E24               	goto	u877
   425  0626  0BF6               	decfsz	??_main+1,f
   426  0627  2E24               	goto	u877
   427                           
   428                           ;Probador1.c: 83: RE2 = 0;
   429  0628  1283               	bcf	3,5	;RP0=0, select bank0
   430  0629  1303               	bcf	3,6	;RP1=0, select bank0
   431  062A  1109               	bcf	9,2	;volatile
   432                           
   433                           ;Probador1.c: 84: _delay((unsigned long)((50)*(4000000UL/4000.0)));
   434  062B  3041               	movlw	65
   435  062C  00F6               	movwf	??_main+1
   436  062D  30EE               	movlw	238
   437  062E  00F5               	movwf	??_main
   438  062F                     u887:	
   439  062F  0BF5               	decfsz	??_main,f
   440  0630  2E2F               	goto	u887
   441  0631  0BF6               	decfsz	??_main+1,f
   442  0632  2E2F               	goto	u887
   443  0633  0000               	nop
   444                           
   445                           ;Probador1.c: 85: mask = (1 << incremento);
   446  0634  3001               	movlw	1
   447  0635  00F5               	movwf	??_main
   448  0636  0A7D               	incf	_incremento,w
   449  0637  2E3A               	goto	u564
   450  0638                     u565:	
   451  0638  1003               	clrc
   452  0639  0DF5               	rlf	??_main,f
   453  063A                     u564:	
   454  063A  3EFF               	addlw	-1
   455  063B  1D03               	skipz
   456  063C  2E38               	goto	u565
   457  063D  0875               	movf	??_main,w
   458  063E  00F6               	movwf	??_main+1
   459  063F  0876               	movf	??_main+1,w
   460  0640  1283               	bcf	3,5	;RP0=0, select bank0
   461  0641  1303               	bcf	3,6	;RP1=0, select bank0
   462  0642  00A1               	movwf	_mask
   463                           
   464                           ;Probador1.c: 86: incremento++;
   465  0643  3001               	movlw	1
   466  0644  00F5               	movwf	??_main
   467  0645  0875               	movf	??_main,w
   468  0646  07FD               	addwf	_incremento,f
   469  0647                     l1022:	
   470                           
   471                           ;Probador1.c: 87: }
   472                           ;Probador1.c: 88: if (incremento == 7) {
   473  0647  3007               	movlw	7
   474  0648  067D               	xorwf	_incremento,w
   475  0649  1D03               	btfss	3,2
   476  064A  2E1B               	goto	l1010
   477                           
   478                           ;Probador1.c: 89: puerto = 1;
   479  064B  01A2               	clrf	_puerto
   480  064C  0AA2               	incf	_puerto,f
   481  064D                     l1028:	
   482                           ;Probador1.c: 94: }
   483                           ;Probador1.c: 95: }
   484                           ;Probador1.c: 98: case 1:
   485                           
   486                           ;Probador1.c: 91: }
   487                           ;Probador1.c: 92: }
   488                           ;Probador1.c: 93: break;
   489                           
   490                           ;Probador1.c: 90: break;
   491                           
   492                           
   493                           ;Probador1.c: 99: if (prueba == 0) {
   494  064D  0825               	movf	_prueba,w
   495  064E  1D03               	btfss	3,2
   496  064F  2E5F               	goto	l85
   497                           
   498                           ;Probador1.c: 100: Prueba_sal();
   499  0650  120A  118A  253C  120A  118A  	fcall	_Prueba_sal
   500                           
   501                           ;Probador1.c: 102: if (RE1 == 1) {
   502                           
   503                           ;Probador1.c: 101: while (1) {
   504  0655  1283               	bcf	3,5	;RP0=0, select bank0
   505  0656  1303               	bcf	3,6	;RP1=0, select bank0
   506  0657  1C89               	btfss	9,1	;volatile
   507  0658  2E5C               	goto	l87
   508                           
   509                           ;Probador1.c: 103: puerto = 1;
   510  0659  01A2               	clrf	_puerto
   511  065A  0AA2               	incf	_puerto,f
   512                           
   513                           ;Probador1.c: 104: break;
   514  065B  2DE6               	goto	l62
   515  065C                     l87:	
   516                           
   517                           ;Probador1.c: 105: }
   518                           ;Probador1.c: 106: if (RE0 == 1) {
   519  065C  1C09               	btfss	9,0	;volatile
   520  065D  2DE6               	goto	l62
   521  065E  2EB1               	goto	l1070
   522  065F                     l85:	
   523                           ;Probador1.c: 113: } else {
   524                           
   525                           ;Probador1.c: 111: }
   526                           ;Probador1.c: 112: break;
   527                           
   528                           ;Probador1.c: 109: }
   529                           ;Probador1.c: 110: break;
   530                           
   531                           ;Probador1.c: 108: break;
   532                           
   533                           ;Probador1.c: 107: puerto = 2;
   534                           
   535                           
   536                           ;Probador1.c: 114: incremento = 1;
   537  065F  01FD               	clrf	_incremento
   538  0660  0AFD               	incf	_incremento,f
   539                           
   540                           ;Probador1.c: 115: nro_pin = 9;
   541  0661  3009               	movlw	9
   542  0662  00F5               	movwf	??_main
   543  0663  0875               	movf	??_main,w
   544  0664  00A4               	movwf	_nro_pin
   545                           
   546                           ;Probador1.c: 116: mask = 1;
   547  0665  01A1               	clrf	_mask
   548  0666  0AA1               	incf	_mask,f
   549                           
   550                           ;Probador1.c: 117: for (unsigned char i = 0; i < nro_pin; i = incremento) {
   551  0667  01F9               	clrf	main@i_74
   552  0668                     l92:	
   553  0668  0824               	movf	_nro_pin,w
   554  0669  0279               	subwf	main@i_74,w
   555  066A  1803               	btfsc	3,0
   556  066B  2DE6               	goto	l62
   557  066C                     l1046:	
   558                           ;Probador1.c: 118: while (1) {
   559                           
   560                           
   561                           ;Probador1.c: 119: if (PORTB & mask) {
   562  066C  0806               	movf	6,w	;volatile
   563  066D  0521               	andwf	_mask,w
   564  066E  1903               	btfsc	3,2
   565  066F  2E98               	goto	l1058
   566                           
   567                           ;Probador1.c: 120: RE2 = 1;
   568  0670  1509               	bsf	9,2	;volatile
   569                           
   570                           ;Probador1.c: 121: _delay((unsigned long)((150)*(4000000UL/4000.0)));
   571  0671  30C3               	movlw	195
   572  0672  00F6               	movwf	??_main+1
   573  0673  30CD               	movlw	205
   574  0674  00F5               	movwf	??_main
   575  0675                     u897:	
   576  0675  0BF5               	decfsz	??_main,f
   577  0676  2E75               	goto	u897
   578  0677  0BF6               	decfsz	??_main+1,f
   579  0678  2E75               	goto	u897
   580                           
   581                           ;Probador1.c: 122: RE2 = 0;
   582  0679  1283               	bcf	3,5	;RP0=0, select bank0
   583  067A  1303               	bcf	3,6	;RP1=0, select bank0
   584  067B  1109               	bcf	9,2	;volatile
   585                           
   586                           ;Probador1.c: 123: _delay((unsigned long)((50)*(4000000UL/4000.0)));
   587  067C  3041               	movlw	65
   588  067D  00F6               	movwf	??_main+1
   589  067E  30EE               	movlw	238
   590  067F  00F5               	movwf	??_main
   591  0680                     u907:	
   592  0680  0BF5               	decfsz	??_main,f
   593  0681  2E80               	goto	u907
   594  0682  0BF6               	decfsz	??_main+1,f
   595  0683  2E80               	goto	u907
   596  0684  0000               	nop
   597                           
   598                           ;Probador1.c: 124: mask = (1 << incremento);
   599  0685  3001               	movlw	1
   600  0686  00F5               	movwf	??_main
   601  0687  0A7D               	incf	_incremento,w
   602  0688  2E8B               	goto	u634
   603  0689                     u635:	
   604  0689  1003               	clrc
   605  068A  0DF5               	rlf	??_main,f
   606  068B                     u634:	
   607  068B  3EFF               	addlw	-1
   608  068C  1D03               	skipz
   609  068D  2E89               	goto	u635
   610  068E  0875               	movf	??_main,w
   611  068F  00F6               	movwf	??_main+1
   612  0690  0876               	movf	??_main+1,w
   613  0691  1283               	bcf	3,5	;RP0=0, select bank0
   614  0692  1303               	bcf	3,6	;RP1=0, select bank0
   615  0693  00A1               	movwf	_mask
   616                           
   617                           ;Probador1.c: 125: incremento++;
   618  0694  3001               	movlw	1
   619  0695  00F5               	movwf	??_main
   620  0696  0875               	movf	??_main,w
   621  0697  07FD               	addwf	_incremento,f
   622  0698                     l1058:	
   623                           
   624                           ;Probador1.c: 126: }
   625                           ;Probador1.c: 127: if (incremento == 9) {
   626  0698  3009               	movlw	9
   627  0699  067D               	xorwf	_incremento,w
   628  069A  1D03               	btfss	3,2
   629  069B  2E6C               	goto	l1046
   630                           
   631                           ;Probador1.c: 128: puerto = 2;
   632  069C  3002               	movlw	2
   633  069D  00F5               	movwf	??_main
   634  069E  0875               	movf	??_main,w
   635  069F  00A2               	movwf	_puerto
   636                           
   637                           ;Probador1.c: 129: break;
   638  06A0  087D               	movf	_incremento,w
   639  06A1  00F5               	movwf	??_main
   640  06A2  0875               	movf	??_main,w
   641  06A3  00F9               	movwf	main@i_74
   642  06A4  2E68               	goto	l92
   643  06A5                     l1064:	
   644                           ;Probador1.c: 135: }
   645                           ;Probador1.c: 138: case 2:
   646                           
   647                           ;Probador1.c: 130: }
   648                           ;Probador1.c: 131: }
   649                           ;Probador1.c: 133: }
   650                           ;Probador1.c: 134: break;
   651                           
   652                           
   653                           ;Probador1.c: 139: if (prueba == 0) {
   654  06A5  0825               	movf	_prueba,w
   655  06A6  1D03               	btfss	3,2
   656  06A7  2EB6               	goto	l101
   657                           
   658                           ;Probador1.c: 140: Prueba_sal();
   659  06A8  120A  118A  253C  120A  118A  	fcall	_Prueba_sal
   660  06AD                     l1068:	
   661                           ;Probador1.c: 141: while (1) {
   662                           
   663                           
   664                           ;Probador1.c: 142: if (RE1 == 1) {
   665  06AD  1283               	bcf	3,5	;RP0=0, select bank0
   666  06AE  1303               	bcf	3,6	;RP1=0, select bank0
   667  06AF  1C89               	btfss	9,1	;volatile
   668  06B0  2EB3               	goto	l103
   669  06B1                     l1070:	
   670                           
   671                           ;Probador1.c: 143: puerto = 2;
   672  06B1  3002               	movlw	2
   673  06B2  2F09               	goto	L3
   674  06B3                     l103:	
   675                           ;Probador1.c: 144: break;
   676                           
   677                           
   678                           ;Probador1.c: 145: }
   679                           ;Probador1.c: 146: if (RE0 == 1) {
   680  06B3  1C09               	btfss	9,0	;volatile
   681  06B4  2EAD               	goto	l1068
   682  06B5  2F08               	goto	l1106
   683  06B6                     l101:	
   684                           ;Probador1.c: 152: } else {
   685                           
   686                           ;Probador1.c: 149: }
   687                           ;Probador1.c: 150: }
   688                           ;Probador1.c: 151: break;
   689                           
   690                           ;Probador1.c: 148: break;
   691                           
   692                           ;Probador1.c: 147: puerto = 3;
   693                           
   694                           
   695                           ;Probador1.c: 153: incremento = 1;
   696  06B6  01FD               	clrf	_incremento
   697  06B7  0AFD               	incf	_incremento,f
   698                           
   699                           ;Probador1.c: 154: nro_pin = 9;
   700  06B8  3009               	movlw	9
   701  06B9  00F5               	movwf	??_main
   702  06BA  0875               	movf	??_main,w
   703  06BB  00A4               	movwf	_nro_pin
   704                           
   705                           ;Probador1.c: 155: mask = 1;
   706  06BC  01A1               	clrf	_mask
   707  06BD  0AA1               	incf	_mask,f
   708                           
   709                           ;Probador1.c: 156: for (unsigned char i = 0; i < nro_pin; i = incremento) {
   710  06BE  01FA               	clrf	main@i_75
   711  06BF                     l108:	
   712  06BF  0824               	movf	_nro_pin,w
   713  06C0  027A               	subwf	main@i_75,w
   714  06C1  1803               	btfsc	3,0
   715  06C2  2DE6               	goto	l62
   716  06C3                     l1082:	
   717                           ;Probador1.c: 157: while (1) {
   718                           
   719                           
   720                           ;Probador1.c: 158: if (PORTC & mask) {
   721  06C3  0807               	movf	7,w	;volatile
   722  06C4  0521               	andwf	_mask,w
   723  06C5  1903               	btfsc	3,2
   724  06C6  2EEF               	goto	l1094
   725                           
   726                           ;Probador1.c: 159: RE2 = 1;
   727  06C7  1509               	bsf	9,2	;volatile
   728                           
   729                           ;Probador1.c: 160: _delay((unsigned long)((150)*(4000000UL/4000.0)));
   730  06C8  30C3               	movlw	195
   731  06C9  00F6               	movwf	??_main+1
   732  06CA  30CD               	movlw	205
   733  06CB  00F5               	movwf	??_main
   734  06CC                     u917:	
   735  06CC  0BF5               	decfsz	??_main,f
   736  06CD  2ECC               	goto	u917
   737  06CE  0BF6               	decfsz	??_main+1,f
   738  06CF  2ECC               	goto	u917
   739                           
   740                           ;Probador1.c: 161: RE2 = 0;
   741  06D0  1283               	bcf	3,5	;RP0=0, select bank0
   742  06D1  1303               	bcf	3,6	;RP1=0, select bank0
   743  06D2  1109               	bcf	9,2	;volatile
   744                           
   745                           ;Probador1.c: 162: _delay((unsigned long)((50)*(4000000UL/4000.0)));
   746  06D3  3041               	movlw	65
   747  06D4  00F6               	movwf	??_main+1
   748  06D5  30EE               	movlw	238
   749  06D6  00F5               	movwf	??_main
   750  06D7                     u927:	
   751  06D7  0BF5               	decfsz	??_main,f
   752  06D8  2ED7               	goto	u927
   753  06D9  0BF6               	decfsz	??_main+1,f
   754  06DA  2ED7               	goto	u927
   755  06DB  0000               	nop
   756                           
   757                           ;Probador1.c: 163: mask = (1 << incremento);
   758  06DC  3001               	movlw	1
   759  06DD  00F5               	movwf	??_main
   760  06DE  0A7D               	incf	_incremento,w
   761  06DF  2EE2               	goto	u704
   762  06E0                     u705:	
   763  06E0  1003               	clrc
   764  06E1  0DF5               	rlf	??_main,f
   765  06E2                     u704:	
   766  06E2  3EFF               	addlw	-1
   767  06E3  1D03               	skipz
   768  06E4  2EE0               	goto	u705
   769  06E5  0875               	movf	??_main,w
   770  06E6  00F6               	movwf	??_main+1
   771  06E7  0876               	movf	??_main+1,w
   772  06E8  1283               	bcf	3,5	;RP0=0, select bank0
   773  06E9  1303               	bcf	3,6	;RP1=0, select bank0
   774  06EA  00A1               	movwf	_mask
   775                           
   776                           ;Probador1.c: 164: incremento++;
   777  06EB  3001               	movlw	1
   778  06EC  00F5               	movwf	??_main
   779  06ED  0875               	movf	??_main,w
   780  06EE  07FD               	addwf	_incremento,f
   781  06EF                     l1094:	
   782                           
   783                           ;Probador1.c: 165: }
   784                           ;Probador1.c: 166: if (incremento == 9) {
   785  06EF  3009               	movlw	9
   786  06F0  067D               	xorwf	_incremento,w
   787  06F1  1D03               	btfss	3,2
   788  06F2  2EC3               	goto	l1082
   789                           
   790                           ;Probador1.c: 167: puerto = 3;
   791  06F3  3003               	movlw	3
   792  06F4  00F5               	movwf	??_main
   793  06F5  0875               	movf	??_main,w
   794  06F6  00A2               	movwf	_puerto
   795                           
   796                           ;Probador1.c: 168: break;
   797  06F7  087D               	movf	_incremento,w
   798  06F8  00F5               	movwf	??_main
   799  06F9  0875               	movf	??_main,w
   800  06FA  00FA               	movwf	main@i_75
   801  06FB  2EBF               	goto	l108
   802  06FC                     l1100:	
   803                           ;Probador1.c: 174: }
   804                           ;Probador1.c: 176: case 3:
   805                           
   806                           ;Probador1.c: 169: }
   807                           ;Probador1.c: 170: }
   808                           ;Probador1.c: 172: }
   809                           ;Probador1.c: 173: break;
   810                           
   811                           
   812                           ;Probador1.c: 177: if (prueba == 0) {
   813  06FC  0825               	movf	_prueba,w
   814  06FD  1D03               	btfss	3,2
   815  06FE  2F1D               	goto	l117
   816                           
   817                           ;Probador1.c: 178: Prueba_sal();
   818  06FF  120A  118A  253C  120A  118A  	fcall	_Prueba_sal
   819  0704                     l1104:	
   820                           ;Probador1.c: 179: while (1) {
   821                           
   822                           
   823                           ;Probador1.c: 180: if (RE1 == 1) {
   824  0704  1283               	bcf	3,5	;RP0=0, select bank0
   825  0705  1303               	bcf	3,6	;RP1=0, select bank0
   826  0706  1C89               	btfss	9,1	;volatile
   827  0707  2F0D               	goto	l119
   828  0708                     l1106:	
   829                           
   830                           ;Probador1.c: 181: puerto = 3;
   831  0708  3003               	movlw	3
   832  0709                     L3:	
   833  0709  00F5               	movwf	??_main
   834  070A  0875               	movf	??_main,w
   835  070B  00A2               	movwf	_puerto
   836                           
   837                           ;Probador1.c: 182: break;
   838  070C  2DE6               	goto	l62
   839  070D                     l119:	
   840                           
   841                           ;Probador1.c: 183: }
   842                           ;Probador1.c: 184: if (RE0 == 1) {
   843  070D  1C09               	btfss	9,0	;volatile
   844  070E  2F04               	goto	l1104
   845                           
   846                           ;Probador1.c: 185: puerto = 4;
   847  070F  3004               	movlw	4
   848  0710  00F5               	movwf	??_main
   849  0711  0875               	movf	??_main,w
   850  0712  00A2               	movwf	_puerto
   851                           
   852                           ;Probador1.c: 186: nro_pin = 4;
   853  0713  3004               	movlw	4
   854  0714  00F5               	movwf	??_main
   855  0715  0875               	movf	??_main,w
   856  0716  00A4               	movwf	_nro_pin
   857                           
   858                           ;Probador1.c: 187: porte_sal();
   859  0717  120A  118A  2516  120A  118A  	fcall	_porte_sal
   860                           
   861                           ;Probador1.c: 188: break;
   862  071C  2DE6               	goto	l62
   863  071D                     l117:	
   864                           ;Probador1.c: 192: } else {
   865                           
   866                           ;Probador1.c: 189: }
   867                           ;Probador1.c: 190: }
   868                           ;Probador1.c: 191: break;
   869                           
   870                           
   871                           ;Probador1.c: 193: incremento = 1;
   872  071D  01FD               	clrf	_incremento
   873  071E  0AFD               	incf	_incremento,f
   874                           
   875                           ;Probador1.c: 194: nro_pin = 9;
   876  071F  3009               	movlw	9
   877  0720  00F5               	movwf	??_main
   878  0721  0875               	movf	??_main,w
   879  0722  00A4               	movwf	_nro_pin
   880                           
   881                           ;Probador1.c: 195: mask = 1;
   882  0723  01A1               	clrf	_mask
   883  0724  0AA1               	incf	_mask,f
   884                           
   885                           ;Probador1.c: 196: for (unsigned char i = 0; i < nro_pin; i = incremento) {
   886  0725  01FB               	clrf	main@i_76
   887  0726                     l124:	
   888  0726  0824               	movf	_nro_pin,w
   889  0727  027B               	subwf	main@i_76,w
   890  0728  1803               	btfsc	3,0
   891  0729  2DE6               	goto	l62
   892  072A                     l1120:	
   893                           ;Probador1.c: 197: while (1) {
   894                           
   895                           
   896                           ;Probador1.c: 198: if (PORTD & mask) {
   897  072A  0808               	movf	8,w	;volatile
   898  072B  0521               	andwf	_mask,w
   899  072C  1903               	btfsc	3,2
   900  072D  2F56               	goto	l1132
   901                           
   902                           ;Probador1.c: 199: RE2 = 1;
   903  072E  1509               	bsf	9,2	;volatile
   904                           
   905                           ;Probador1.c: 200: _delay((unsigned long)((150)*(4000000UL/4000.0)));
   906  072F  30C3               	movlw	195
   907  0730  00F6               	movwf	??_main+1
   908  0731  30CD               	movlw	205
   909  0732  00F5               	movwf	??_main
   910  0733                     u937:	
   911  0733  0BF5               	decfsz	??_main,f
   912  0734  2F33               	goto	u937
   913  0735  0BF6               	decfsz	??_main+1,f
   914  0736  2F33               	goto	u937
   915                           
   916                           ;Probador1.c: 201: RE2 = 0;
   917  0737  1283               	bcf	3,5	;RP0=0, select bank0
   918  0738  1303               	bcf	3,6	;RP1=0, select bank0
   919  0739  1109               	bcf	9,2	;volatile
   920                           
   921                           ;Probador1.c: 202: _delay((unsigned long)((50)*(4000000UL/4000.0)));
   922  073A  3041               	movlw	65
   923  073B  00F6               	movwf	??_main+1
   924  073C  30EE               	movlw	238
   925  073D  00F5               	movwf	??_main
   926  073E                     u947:	
   927  073E  0BF5               	decfsz	??_main,f
   928  073F  2F3E               	goto	u947
   929  0740  0BF6               	decfsz	??_main+1,f
   930  0741  2F3E               	goto	u947
   931  0742  0000               	nop
   932                           
   933                           ;Probador1.c: 203: mask = (1 << incremento);
   934  0743  3001               	movlw	1
   935  0744  00F5               	movwf	??_main
   936  0745  0A7D               	incf	_incremento,w
   937  0746  2F49               	goto	u774
   938  0747                     u775:	
   939  0747  1003               	clrc
   940  0748  0DF5               	rlf	??_main,f
   941  0749                     u774:	
   942  0749  3EFF               	addlw	-1
   943  074A  1D03               	skipz
   944  074B  2F47               	goto	u775
   945  074C  0875               	movf	??_main,w
   946  074D  00F6               	movwf	??_main+1
   947  074E  0876               	movf	??_main+1,w
   948  074F  1283               	bcf	3,5	;RP0=0, select bank0
   949  0750  1303               	bcf	3,6	;RP1=0, select bank0
   950  0751  00A1               	movwf	_mask
   951                           
   952                           ;Probador1.c: 204: incremento++;
   953  0752  3001               	movlw	1
   954  0753  00F5               	movwf	??_main
   955  0754  0875               	movf	??_main,w
   956  0755  07FD               	addwf	_incremento,f
   957  0756                     l1132:	
   958                           
   959                           ;Probador1.c: 205: }
   960                           ;Probador1.c: 206: if (incremento == 9) {
   961  0756  3009               	movlw	9
   962  0757  067D               	xorwf	_incremento,w
   963  0758  1D03               	btfss	3,2
   964  0759  2F2A               	goto	l1120
   965                           
   966                           ;Probador1.c: 207: puerto = 4;
   967  075A  3004               	movlw	4
   968  075B  00F5               	movwf	??_main
   969  075C  0875               	movf	??_main,w
   970  075D  00A2               	movwf	_puerto
   971                           
   972                           ;Probador1.c: 208: break;
   973  075E  087D               	movf	_incremento,w
   974  075F  00F5               	movwf	??_main
   975  0760  0875               	movf	??_main,w
   976  0761  00FB               	movwf	main@i_76
   977  0762  2F26               	goto	l124
   978  0763                     l1138:	
   979                           ;Probador1.c: 214: }
   980                           ;Probador1.c: 216: case 4:
   981                           
   982                           ;Probador1.c: 209: }
   983                           ;Probador1.c: 210: }
   984                           ;Probador1.c: 212: }
   985                           ;Probador1.c: 213: break;
   986                           
   987                           
   988                           ;Probador1.c: 217: if (prueba == 0) {
   989  0763  1283               	bcf	3,5	;RP0=0, select bank0
   990  0764  1303               	bcf	3,6	;RP1=0, select bank0
   991  0765  0825               	movf	_prueba,w
   992  0766  1D03               	btfss	3,2
   993  0767  2F88               	goto	l133
   994                           
   995                           ;Probador1.c: 218: Prueba_sal();
   996  0768  120A  118A  253C  120A  118A  	fcall	_Prueba_sal
   997                           
   998                           ;Probador1.c: 219: porte_ent();
   999  076D  120A  118A  251A  120A  118A  	fcall	_porte_ent
  1000  0772                     l1144:	
  1001                           ;Probador1.c: 220: while (1) {
  1002                           
  1003                           
  1004                           ;Probador1.c: 221: if (RE1 == 1) {
  1005  0772  1283               	bcf	3,5	;RP0=0, select bank0
  1006  0773  1303               	bcf	3,6	;RP1=0, select bank0
  1007  0774  1C89               	btfss	9,1	;volatile
  1008  0775  2F80               	goto	l135
  1009                           
  1010                           ;Probador1.c: 222: puerto = 4;
  1011  0776  3004               	movlw	4
  1012  0777  00F5               	movwf	??_main
  1013  0778  0875               	movf	??_main,w
  1014  0779  00A2               	movwf	_puerto
  1015                           
  1016                           ;Probador1.c: 223: porte_sal();
  1017  077A  120A  118A  2516  120A  118A  	fcall	_porte_sal
  1018                           
  1019                           ;Probador1.c: 224: break;
  1020  077F  2DE6               	goto	l62
  1021  0780                     l135:	
  1022                           
  1023                           ;Probador1.c: 225: }
  1024                           ;Probador1.c: 226: if (RE0 == 1) {
  1025  0780  1C09               	btfss	9,0	;volatile
  1026  0781  2F72               	goto	l1144
  1027                           
  1028                           ;Probador1.c: 227: puerto = 0;
  1029  0782  01A2               	clrf	_puerto
  1030                           
  1031                           ;Probador1.c: 228: nro_pin = 7;
  1032  0783  3007               	movlw	7
  1033  0784                     L1:	
  1034  0784  00F5               	movwf	??_main
  1035  0785  0875               	movf	??_main,w
  1036  0786  00A4               	movwf	_nro_pin
  1037                           
  1038                           ;Probador1.c: 229: break;
  1039  0787  2DE6               	goto	l62
  1040  0788                     l133:	
  1041                           ;Probador1.c: 233: } else {
  1042                           
  1043                           ;Probador1.c: 230: }
  1044                           ;Probador1.c: 231: }
  1045                           ;Probador1.c: 232: break;
  1046                           
  1047                           
  1048                           ;Probador1.c: 234: incremento = 1;
  1049  0788  01FD               	clrf	_incremento
  1050  0789  0AFD               	incf	_incremento,f
  1051                           
  1052                           ;Probador1.c: 235: nro_pin = 3;
  1053  078A  3003               	movlw	3
  1054  078B  00F5               	movwf	??_main
  1055  078C  0875               	movf	??_main,w
  1056  078D  00A4               	movwf	_nro_pin
  1057                           
  1058                           ;Probador1.c: 236: mask = 1;
  1059  078E  01A1               	clrf	_mask
  1060  078F  0AA1               	incf	_mask,f
  1061                           
  1062                           ;Probador1.c: 237: for (unsigned char i = 0; i < nro_pin; i = incremento) {
  1063  0790  01FC               	clrf	main@i_77
  1064  0791                     l140:	
  1065  0791  0824               	movf	_nro_pin,w
  1066  0792  027C               	subwf	main@i_77,w
  1067  0793  1803               	btfsc	3,0
  1068  0794  2DE6               	goto	l62
  1069  0795                     l1162:	
  1070                           ;Probador1.c: 238: while (1) {
  1071                           
  1072                           
  1073                           ;Probador1.c: 239: if (PORTE & mask) {
  1074  0795  0809               	movf	9,w	;volatile
  1075  0796  0521               	andwf	_mask,w
  1076  0797  1903               	btfsc	3,2
  1077  0798  2FC1               	goto	l1174
  1078                           
  1079                           ;Probador1.c: 240: RE2 = 1;
  1080  0799  1509               	bsf	9,2	;volatile
  1081                           
  1082                           ;Probador1.c: 241: _delay((unsigned long)((150)*(4000000UL/4000.0)));
  1083  079A  30C3               	movlw	195
  1084  079B  00F6               	movwf	??_main+1
  1085  079C  30CD               	movlw	205
  1086  079D  00F5               	movwf	??_main
  1087  079E                     u957:	
  1088  079E  0BF5               	decfsz	??_main,f
  1089  079F  2F9E               	goto	u957
  1090  07A0  0BF6               	decfsz	??_main+1,f
  1091  07A1  2F9E               	goto	u957
  1092                           
  1093                           ;Probador1.c: 242: RE2 = 0;
  1094  07A2  1283               	bcf	3,5	;RP0=0, select bank0
  1095  07A3  1303               	bcf	3,6	;RP1=0, select bank0
  1096  07A4  1109               	bcf	9,2	;volatile
  1097                           
  1098                           ;Probador1.c: 243: _delay((unsigned long)((50)*(4000000UL/4000.0)));
  1099  07A5  3041               	movlw	65
  1100  07A6  00F6               	movwf	??_main+1
  1101  07A7  30EE               	movlw	238
  1102  07A8  00F5               	movwf	??_main
  1103  07A9                     u967:	
  1104  07A9  0BF5               	decfsz	??_main,f
  1105  07AA  2FA9               	goto	u967
  1106  07AB  0BF6               	decfsz	??_main+1,f
  1107  07AC  2FA9               	goto	u967
  1108  07AD  0000               	nop
  1109                           
  1110                           ;Probador1.c: 244: mask = (1 << incremento);
  1111  07AE  3001               	movlw	1
  1112  07AF  00F5               	movwf	??_main
  1113  07B0  0A7D               	incf	_incremento,w
  1114  07B1  2FB4               	goto	u844
  1115  07B2                     u845:	
  1116  07B2  1003               	clrc
  1117  07B3  0DF5               	rlf	??_main,f
  1118  07B4                     u844:	
  1119  07B4  3EFF               	addlw	-1
  1120  07B5  1D03               	skipz
  1121  07B6  2FB2               	goto	u845
  1122  07B7  0875               	movf	??_main,w
  1123  07B8  00F6               	movwf	??_main+1
  1124  07B9  0876               	movf	??_main+1,w
  1125  07BA  1283               	bcf	3,5	;RP0=0, select bank0
  1126  07BB  1303               	bcf	3,6	;RP1=0, select bank0
  1127  07BC  00A1               	movwf	_mask
  1128                           
  1129                           ;Probador1.c: 245: incremento++;
  1130  07BD  3001               	movlw	1
  1131  07BE  00F5               	movwf	??_main
  1132  07BF  0875               	movf	??_main,w
  1133  07C0  07FD               	addwf	_incremento,f
  1134  07C1                     l1174:	
  1135                           
  1136                           ;Probador1.c: 246: }
  1137                           ;Probador1.c: 247: if (incremento == 3) {
  1138  07C1  3003               	movlw	3
  1139  07C2  067D               	xorwf	_incremento,w
  1140  07C3  1D03               	btfss	3,2
  1141  07C4  2F95               	goto	l1162
  1142                           
  1143                           ;Probador1.c: 248: puerto = 0;
  1144  07C5  01A2               	clrf	_puerto
  1145                           
  1146                           ;Probador1.c: 249: break;
  1147  07C6  087D               	movf	_incremento,w
  1148  07C7  00F5               	movwf	??_main
  1149  07C8  0875               	movf	??_main,w
  1150  07C9  00FC               	movwf	main@i_77
  1151  07CA  2F91               	goto	l140
  1152  07CB                     l1180:	
  1153                           ;Probador1.c: 255: }
  1154                           ;Probador1.c: 256: }
  1155                           
  1156                           ;Probador1.c: 250: }
  1157                           ;Probador1.c: 251: }
  1158                           ;Probador1.c: 253: }
  1159                           ;Probador1.c: 254: break;
  1160                           
  1161  07CB  0822               	movf	_puerto,w
  1162                           
  1163                           ; Switch size 1, requested type "space"
  1164                           ; Number of cases is 5, Range of values is 0 to 4
  1165                           ; switch strategies available:
  1166                           ; Name         Instructions Cycles
  1167                           ; simple_byte           16     9 (average)
  1168                           ; direct_byte           23     8 (fixed)
  1169                           ; jumptable            260     6 (fixed)
  1170                           ;	Chosen strategy is simple_byte
  1171  07CC  3A00               	xorlw	0	; case 0
  1172  07CD  1903               	skipnz
  1173  07CE  2DED               	goto	l986
  1174  07CF  3A01               	xorlw	1	; case 1
  1175  07D0  1903               	skipnz
  1176  07D1  2E4D               	goto	l1028
  1177  07D2  3A03               	xorlw	3	; case 2
  1178  07D3  1903               	skipnz
  1179  07D4  2EA5               	goto	l1064
  1180  07D5  3A01               	xorlw	1	; case 3
  1181  07D6  1903               	skipnz
  1182  07D7  2EFC               	goto	l1100
  1183  07D8  3A07               	xorlw	7	; case 4
  1184  07D9  1903               	skipnz
  1185  07DA  2F63               	goto	l1138
  1186  07DB  2DE6               	goto	l62
  1187  07DC  2DE6               	goto	l62
  1188                           
  1189                           ;Probador1.c: 257: }
  1190                           ;Probador1.c: 258: _delay((unsigned long)((250)*(4000000UL/4000.0)));
  1191  07DD  3002               	movlw	2
  1192  07DE  00F7               	movwf	??_main+2
  1193  07DF  3045               	movlw	69
  1194  07E0  00F6               	movwf	??_main+1
  1195  07E1  30A9               	movlw	169
  1196  07E2  00F5               	movwf	??_main
  1197  07E3                     u977:	
  1198  07E3  0BF5               	decfsz	??_main,f
  1199  07E4  2FE3               	goto	u977
  1200  07E5  0BF6               	decfsz	??_main+1,f
  1201  07E6  2FE3               	goto	u977
  1202  07E7  0BF7               	decfsz	??_main+2,f
  1203  07E8  2FE3               	goto	u977
  1204  07E9  2FEA               	nop2
  1205  07EA  120A  118A  2800   	ljmp	start
  1206  07ED                     __end_of_main:	
  1207                           
  1208                           	psect	text1
  1209  0516                     __ptext1:	
  1210 ;; *************** function _porte_sal *****************
  1211 ;; Defined at:
  1212 ;;		line 302 in file "Probador1.c"
  1213 ;; Parameters:    Size  Location     Type
  1214 ;;		None
  1215 ;; Auto vars:     Size  Location     Type
  1216 ;;		None
  1217 ;; Return value:  Size  Location     Type
  1218 ;;                  1    wreg      void 
  1219 ;; Registers used:
  1220 ;;		status,2
  1221 ;; Tracked objects:
  1222 ;;		On entry : 0/0
  1223 ;;		On exit  : 0/0
  1224 ;;		Unchanged: 0/0
  1225 ;; Data sizes:     COMMON   BANK0   BANK1   BANK3   BANK2
  1226 ;;      Params:         0       0       0       0       0
  1227 ;;      Locals:         0       0       0       0       0
  1228 ;;      Temps:          0       0       0       0       0
  1229 ;;      Totals:         0       0       0       0       0
  1230 ;;Total ram usage:        0 bytes
  1231 ;; Hardware stack levels used:    1
  1232 ;; This function calls:
  1233 ;;		Nothing
  1234 ;; This function is called by:
  1235 ;;		_main
  1236 ;; This function uses a non-reentrant model
  1237 ;;
  1238                           
  1239                           
  1240                           ;psect for function _porte_sal
  1241  0516                     _porte_sal:	
  1242                           
  1243                           ;Probador1.c: 303: TRISE = 0b00000000;
  1244                           
  1245                           ;incstack = 0
  1246                           ; Regs used in _porte_sal: [status,2]
  1247  0516  1683               	bsf	3,5	;RP0=1, select bank1
  1248  0517  1303               	bcf	3,6	;RP1=0, select bank1
  1249  0518  0189               	clrf	9	;volatile
  1250  0519  0008               	return
  1251  051A                     __end_of_porte_sal:	
  1252                           
  1253                           	psect	text2
  1254  051A                     __ptext2:	
  1255 ;; *************** function _porte_ent *****************
  1256 ;; Defined at:
  1257 ;;		line 298 in file "Probador1.c"
  1258 ;; Parameters:    Size  Location     Type
  1259 ;;		None
  1260 ;; Auto vars:     Size  Location     Type
  1261 ;;		None
  1262 ;; Return value:  Size  Location     Type
  1263 ;;                  1    wreg      void 
  1264 ;; Registers used:
  1265 ;;		wreg
  1266 ;; Tracked objects:
  1267 ;;		On entry : 0/0
  1268 ;;		On exit  : 0/0
  1269 ;;		Unchanged: 0/0
  1270 ;; Data sizes:     COMMON   BANK0   BANK1   BANK3   BANK2
  1271 ;;      Params:         0       0       0       0       0
  1272 ;;      Locals:         0       0       0       0       0
  1273 ;;      Temps:          0       0       0       0       0
  1274 ;;      Totals:         0       0       0       0       0
  1275 ;;Total ram usage:        0 bytes
  1276 ;; Hardware stack levels used:    1
  1277 ;; This function calls:
  1278 ;;		Nothing
  1279 ;; This function is called by:
  1280 ;;		_main
  1281 ;; This function uses a non-reentrant model
  1282 ;;
  1283                           
  1284                           
  1285                           ;psect for function _porte_ent
  1286  051A                     _porte_ent:	
  1287                           
  1288                           ;Probador1.c: 299: TRISE = 0b00000011;
  1289                           
  1290                           ;incstack = 0
  1291                           ; Regs used in _porte_ent: [wreg]
  1292  051A  3003               	movlw	3
  1293  051B  1683               	bsf	3,5	;RP0=1, select bank1
  1294  051C  1303               	bcf	3,6	;RP1=0, select bank1
  1295  051D  0089               	movwf	9	;volatile
  1296  051E  0008               	return
  1297  051F                     __end_of_porte_ent:	
  1298                           
  1299                           	psect	text3
  1300  051F                     __ptext3:	
  1301 ;; *************** function _port_conf_r2 *****************
  1302 ;; Defined at:
  1303 ;;		line 277 in file "Probador1.c"
  1304 ;; Parameters:    Size  Location     Type
  1305 ;;		None
  1306 ;; Auto vars:     Size  Location     Type
  1307 ;;		None
  1308 ;; Return value:  Size  Location     Type
  1309 ;;                  1    wreg      void 
  1310 ;; Registers used:
  1311 ;;		wreg, status,2
  1312 ;; Tracked objects:
  1313 ;;		On entry : 0/0
  1314 ;;		On exit  : 0/0
  1315 ;;		Unchanged: 0/0
  1316 ;; Data sizes:     COMMON   BANK0   BANK1   BANK3   BANK2
  1317 ;;      Params:         0       0       0       0       0
  1318 ;;      Locals:         0       0       0       0       0
  1319 ;;      Temps:          0       0       0       0       0
  1320 ;;      Totals:         0       0       0       0       0
  1321 ;;Total ram usage:        0 bytes
  1322 ;; Hardware stack levels used:    1
  1323 ;; This function calls:
  1324 ;;		Nothing
  1325 ;; This function is called by:
  1326 ;;		_main
  1327 ;; This function uses a non-reentrant model
  1328 ;;
  1329                           
  1330                           
  1331                           ;psect for function _port_conf_r2
  1332  051F                     _port_conf_r2:	
  1333                           
  1334                           ;Probador1.c: 278: TRISA = 0xFF;
  1335                           
  1336                           ;incstack = 0
  1337                           ; Regs used in _port_conf_r2: [wreg+status,2]
  1338  051F  30FF               	movlw	255
  1339  0520  1683               	bsf	3,5	;RP0=1, select bank1
  1340  0521  1303               	bcf	3,6	;RP1=0, select bank1
  1341  0522  0085               	movwf	5	;volatile
  1342                           
  1343                           ;Probador1.c: 279: TRISB = 0xFF;
  1344  0523  30FF               	movlw	255
  1345  0524  0086               	movwf	6	;volatile
  1346                           
  1347                           ;Probador1.c: 280: TRISC = 0xFF;
  1348  0525  30FF               	movlw	255
  1349  0526  0087               	movwf	7	;volatile
  1350                           
  1351                           ;Probador1.c: 281: TRISD = 0xFF;
  1352  0527  30FF               	movlw	255
  1353  0528  0088               	movwf	8	;volatile
  1354                           
  1355                           ;Probador1.c: 282: PORTE = 0x00;
  1356  0529  1283               	bcf	3,5	;RP0=0, select bank0
  1357  052A  1303               	bcf	3,6	;RP1=0, select bank0
  1358  052B  0189               	clrf	9	;volatile
  1359  052C  0008               	return
  1360  052D                     __end_of_port_conf_r2:	
  1361                           
  1362                           	psect	text4
  1363  052D                     __ptext4:	
  1364 ;; *************** function _port_conf_r1 *****************
  1365 ;; Defined at:
  1366 ;;		line 285 in file "Probador1.c"
  1367 ;; Parameters:    Size  Location     Type
  1368 ;;		None
  1369 ;; Auto vars:     Size  Location     Type
  1370 ;;		None
  1371 ;; Return value:  Size  Location     Type
  1372 ;;                  1    wreg      void 
  1373 ;; Registers used:
  1374 ;;		wreg, status,2
  1375 ;; Tracked objects:
  1376 ;;		On entry : 0/0
  1377 ;;		On exit  : 0/0
  1378 ;;		Unchanged: 0/0
  1379 ;; Data sizes:     COMMON   BANK0   BANK1   BANK3   BANK2
  1380 ;;      Params:         0       0       0       0       0
  1381 ;;      Locals:         0       0       0       0       0
  1382 ;;      Temps:          0       0       0       0       0
  1383 ;;      Totals:         0       0       0       0       0
  1384 ;;Total ram usage:        0 bytes
  1385 ;; Hardware stack levels used:    1
  1386 ;; This function calls:
  1387 ;;		Nothing
  1388 ;; This function is called by:
  1389 ;;		_main
  1390 ;; This function uses a non-reentrant model
  1391 ;;
  1392                           
  1393                           
  1394                           ;psect for function _port_conf_r1
  1395  052D                     _port_conf_r1:	
  1396                           
  1397                           ;Probador1.c: 287: TRISA = 0b00000000;
  1398                           
  1399                           ;incstack = 0
  1400                           ; Regs used in _port_conf_r1: [wreg+status,2]
  1401  052D  1683               	bsf	3,5	;RP0=1, select bank1
  1402  052E  1303               	bcf	3,6	;RP1=0, select bank1
  1403  052F  0185               	clrf	5	;volatile
  1404                           
  1405                           ;Probador1.c: 288: TRISB = 0b00000000;
  1406  0530  0186               	clrf	6	;volatile
  1407                           
  1408                           ;Probador1.c: 289: TRISC = 0b00000000;
  1409  0531  0187               	clrf	7	;volatile
  1410                           
  1411                           ;Probador1.c: 290: TRISD = 0b00000000;
  1412  0532  0188               	clrf	8	;volatile
  1413                           
  1414                           ;Probador1.c: 291: ADCON1 = 0b00000111;
  1415  0533  3007               	movlw	7
  1416  0534  009F               	movwf	31	;volatile
  1417                           
  1418                           ;Probador1.c: 292: PORTB = 0;
  1419  0535  1283               	bcf	3,5	;RP0=0, select bank0
  1420  0536  1303               	bcf	3,6	;RP1=0, select bank0
  1421  0537  0186               	clrf	6	;volatile
  1422                           
  1423                           ;Probador1.c: 293: PORTC = 0;
  1424  0538  0187               	clrf	7	;volatile
  1425                           
  1426                           ;Probador1.c: 294: PORTD = 0;
  1427  0539  0188               	clrf	8	;volatile
  1428                           
  1429                           ;Probador1.c: 295: PORTE = 0;
  1430  053A  0189               	clrf	9	;volatile
  1431  053B  0008               	return
  1432  053C                     __end_of_port_conf_r1:	
  1433                           
  1434                           	psect	text5
  1435  053C                     __ptext5:	
  1436 ;; *************** function _Prueba_sal *****************
  1437 ;; Defined at:
  1438 ;;		line 306 in file "Probador1.c"
  1439 ;; Parameters:    Size  Location     Type
  1440 ;;		None
  1441 ;; Auto vars:     Size  Location     Type
  1442 ;;  i               1    4[COMMON] unsigned char 
  1443 ;; Return value:  Size  Location     Type
  1444 ;;                  1    wreg      void 
  1445 ;; Registers used:
  1446 ;;		wreg, fsr0l, fsr0h, status,2, status,0, pclath, cstack
  1447 ;; Tracked objects:
  1448 ;;		On entry : 0/0
  1449 ;;		On exit  : 0/0
  1450 ;;		Unchanged: 0/0
  1451 ;; Data sizes:     COMMON   BANK0   BANK1   BANK3   BANK2
  1452 ;;      Params:         0       0       0       0       0
  1453 ;;      Locals:         1       0       0       0       0
  1454 ;;      Temps:          1       0       0       0       0
  1455 ;;      Totals:         2       0       0       0       0
  1456 ;;Total ram usage:        2 bytes
  1457 ;; Hardware stack levels used:    1
  1458 ;; Hardware stack levels required when called:    1
  1459 ;; This function calls:
  1460 ;;		_salidas
  1461 ;; This function is called by:
  1462 ;;		_main
  1463 ;; This function uses a non-reentrant model
  1464 ;;
  1465                           
  1466                           
  1467                           ;psect for function _Prueba_sal
  1468  053C                     _Prueba_sal:	
  1469                           
  1470                           ;Probador1.c: 307: for (unsigned char i = 0; i < nro_pin; i++) {
  1471                           
  1472                           ;incstack = 0
  1473                           ; Regs used in _Prueba_sal: [wreg-fsr0h+status,2+status,0+pclath+cstack]
  1474  053C  01F4               	clrf	Prueba_sal@i
  1475  053D                     l968:	
  1476  053D  1283               	bcf	3,5	;RP0=0, select bank0
  1477  053E  1303               	bcf	3,6	;RP1=0, select bank0
  1478  053F  0824               	movf	_nro_pin,w
  1479  0540  0274               	subwf	Prueba_sal@i,w
  1480  0541  1803               	btfsc	3,0
  1481  0542  0008               	return
  1482                           
  1483                           ;Probador1.c: 308: salidas(i);
  1484  0543  0874               	movf	Prueba_sal@i,w
  1485  0544  120A  118A  254E  120A  118A  	fcall	_salidas
  1486  0549  3001               	movlw	1
  1487  054A  00F3               	movwf	??_Prueba_sal
  1488  054B  0873               	movf	??_Prueba_sal,w
  1489  054C  07F4               	addwf	Prueba_sal@i,f
  1490  054D  2D3D               	goto	l968
  1491  054E                     __end_of_Prueba_sal:	
  1492                           
  1493                           	psect	text6
  1494  054E                     __ptext6:	
  1495 ;; *************** function _salidas *****************
  1496 ;; Defined at:
  1497 ;;		line 312 in file "Probador1.c"
  1498 ;; Parameters:    Size  Location     Type
  1499 ;;  i               1    wreg     unsigned char 
  1500 ;; Auto vars:     Size  Location     Type
  1501 ;;  i               1    2[COMMON] unsigned char 
  1502 ;; Return value:  Size  Location     Type
  1503 ;;                  1    wreg      void 
  1504 ;; Registers used:
  1505 ;;		wreg, fsr0l, fsr0h, status,2, status,0
  1506 ;; Tracked objects:
  1507 ;;		On entry : 0/0
  1508 ;;		On exit  : 0/0
  1509 ;;		Unchanged: 0/0
  1510 ;; Data sizes:     COMMON   BANK0   BANK1   BANK3   BANK2
  1511 ;;      Params:         0       0       0       0       0
  1512 ;;      Locals:         1       0       0       0       0
  1513 ;;      Temps:          2       0       0       0       0
  1514 ;;      Totals:         3       0       0       0       0
  1515 ;;Total ram usage:        3 bytes
  1516 ;; Hardware stack levels used:    1
  1517 ;; This function calls:
  1518 ;;		Nothing
  1519 ;; This function is called by:
  1520 ;;		_Prueba_sal
  1521 ;; This function uses a non-reentrant model
  1522 ;;
  1523                           
  1524                           
  1525                           ;psect for function _salidas
  1526  054E                     _salidas:	
  1527                           
  1528                           ;incstack = 0
  1529                           ; Regs used in _salidas: [wreg-fsr0h+status,2+status,0]
  1530                           ;salidas@i stored from wreg
  1531  054E  00F2               	movwf	salidas@i
  1532                           
  1533                           ;Probador1.c: 313: switch (puerto) {
  1534  054F  2DBE               	goto	l946
  1535  0550                     l924:	
  1536                           ;Probador1.c: 314: case 0:
  1537                           
  1538                           
  1539                           ;Probador1.c: 315: PORTA = (1 << i);
  1540  0550  3001               	movlw	1
  1541  0551  00F0               	movwf	??_salidas
  1542  0552  0A72               	incf	salidas@i,w
  1543  0553  2D56               	goto	u444
  1544  0554                     u445:	
  1545  0554  1003               	clrc
  1546  0555  0DF0               	rlf	??_salidas,f
  1547  0556                     u444:	
  1548  0556  3EFF               	addlw	-1
  1549  0557  1D03               	skipz
  1550  0558  2D54               	goto	u445
  1551  0559  0870               	movf	??_salidas,w
  1552  055A  1283               	bcf	3,5	;RP0=0, select bank0
  1553  055B  1303               	bcf	3,6	;RP1=0, select bank0
  1554  055C  0085               	movwf	5	;volatile
  1555                           
  1556                           ;Probador1.c: 316: _delay((unsigned long)((150)*(4000000UL/4000.0)));
  1557  055D  30C3               	movlw	195
  1558  055E  00F1               	movwf	??_salidas+1
  1559  055F  30CD               	movlw	205
  1560  0560  00F0               	movwf	??_salidas
  1561  0561                     u987:	
  1562  0561  0BF0               	decfsz	??_salidas,f
  1563  0562  2D61               	goto	u987
  1564  0563  0BF1               	decfsz	??_salidas+1,f
  1565  0564  2D61               	goto	u987
  1566                           
  1567                           ;Probador1.c: 317: break;
  1568  0565  0008               	return
  1569  0566                     l928:	
  1570                           ;Probador1.c: 318: case 1:
  1571                           
  1572                           
  1573                           ;Probador1.c: 319: PORTB = (1 << i);
  1574  0566  3001               	movlw	1
  1575  0567  00F0               	movwf	??_salidas
  1576  0568  0A72               	incf	salidas@i,w
  1577  0569  2D6C               	goto	u454
  1578  056A                     u455:	
  1579  056A  1003               	clrc
  1580  056B  0DF0               	rlf	??_salidas,f
  1581  056C                     u454:	
  1582  056C  3EFF               	addlw	-1
  1583  056D  1D03               	skipz
  1584  056E  2D6A               	goto	u455
  1585  056F  0870               	movf	??_salidas,w
  1586  0570  1283               	bcf	3,5	;RP0=0, select bank0
  1587  0571  1303               	bcf	3,6	;RP1=0, select bank0
  1588  0572  0086               	movwf	6	;volatile
  1589                           
  1590                           ;Probador1.c: 320: _delay((unsigned long)((150)*(4000000UL/4000.0)));
  1591  0573  30C3               	movlw	195
  1592  0574  00F1               	movwf	??_salidas+1
  1593  0575  30CD               	movlw	205
  1594  0576  00F0               	movwf	??_salidas
  1595  0577                     u997:	
  1596  0577  0BF0               	decfsz	??_salidas,f
  1597  0578  2D77               	goto	u997
  1598  0579  0BF1               	decfsz	??_salidas+1,f
  1599  057A  2D77               	goto	u997
  1600                           
  1601                           ;Probador1.c: 321: break;
  1602  057B  0008               	return
  1603  057C                     l932:	
  1604                           ;Probador1.c: 322: case 2:
  1605                           
  1606                           
  1607                           ;Probador1.c: 323: PORTC = (1 << i);
  1608  057C  3001               	movlw	1
  1609  057D  00F0               	movwf	??_salidas
  1610  057E  0A72               	incf	salidas@i,w
  1611  057F  2D82               	goto	u464
  1612  0580                     u465:	
  1613  0580  1003               	clrc
  1614  0581  0DF0               	rlf	??_salidas,f
  1615  0582                     u464:	
  1616  0582  3EFF               	addlw	-1
  1617  0583  1D03               	skipz
  1618  0584  2D80               	goto	u465
  1619  0585  0870               	movf	??_salidas,w
  1620  0586  1283               	bcf	3,5	;RP0=0, select bank0
  1621  0587  1303               	bcf	3,6	;RP1=0, select bank0
  1622  0588  0087               	movwf	7	;volatile
  1623                           
  1624                           ;Probador1.c: 324: _delay((unsigned long)((150)*(4000000UL/4000.0)));
  1625  0589  30C3               	movlw	195
  1626  058A  00F1               	movwf	??_salidas+1
  1627  058B  30CD               	movlw	205
  1628  058C  00F0               	movwf	??_salidas
  1629  058D                     u1007:	
  1630  058D  0BF0               	decfsz	??_salidas,f
  1631  058E  2D8D               	goto	u1007
  1632  058F  0BF1               	decfsz	??_salidas+1,f
  1633  0590  2D8D               	goto	u1007
  1634                           
  1635                           ;Probador1.c: 325: break;
  1636  0591  0008               	return
  1637  0592                     l936:	
  1638                           ;Probador1.c: 326: case 3:
  1639                           
  1640                           
  1641                           ;Probador1.c: 327: PORTD = (1 << i);
  1642  0592  3001               	movlw	1
  1643  0593  00F0               	movwf	??_salidas
  1644  0594  0A72               	incf	salidas@i,w
  1645  0595  2D98               	goto	u474
  1646  0596                     u475:	
  1647  0596  1003               	clrc
  1648  0597  0DF0               	rlf	??_salidas,f
  1649  0598                     u474:	
  1650  0598  3EFF               	addlw	-1
  1651  0599  1D03               	skipz
  1652  059A  2D96               	goto	u475
  1653  059B  0870               	movf	??_salidas,w
  1654  059C  1283               	bcf	3,5	;RP0=0, select bank0
  1655  059D  1303               	bcf	3,6	;RP1=0, select bank0
  1656  059E  0088               	movwf	8	;volatile
  1657                           
  1658                           ;Probador1.c: 328: _delay((unsigned long)((150)*(4000000UL/4000.0)));
  1659  059F  30C3               	movlw	195
  1660  05A0  00F1               	movwf	??_salidas+1
  1661  05A1  30CD               	movlw	205
  1662  05A2  00F0               	movwf	??_salidas
  1663  05A3                     u1017:	
  1664  05A3  0BF0               	decfsz	??_salidas,f
  1665  05A4  2DA3               	goto	u1017
  1666  05A5  0BF1               	decfsz	??_salidas+1,f
  1667  05A6  2DA3               	goto	u1017
  1668                           
  1669                           ;Probador1.c: 329: break;
  1670  05A7  0008               	return
  1671  05A8                     l940:	
  1672                           ;Probador1.c: 330: case 4:
  1673                           
  1674                           
  1675                           ;Probador1.c: 331: PORTE = (1 << i);
  1676  05A8  3001               	movlw	1
  1677  05A9  00F0               	movwf	??_salidas
  1678  05AA  0A72               	incf	salidas@i,w
  1679  05AB  2DAE               	goto	u484
  1680  05AC                     u485:	
  1681  05AC  1003               	clrc
  1682  05AD  0DF0               	rlf	??_salidas,f
  1683  05AE                     u484:	
  1684  05AE  3EFF               	addlw	-1
  1685  05AF  1D03               	skipz
  1686  05B0  2DAC               	goto	u485
  1687  05B1  0870               	movf	??_salidas,w
  1688  05B2  1283               	bcf	3,5	;RP0=0, select bank0
  1689  05B3  1303               	bcf	3,6	;RP1=0, select bank0
  1690  05B4  0089               	movwf	9	;volatile
  1691                           
  1692                           ;Probador1.c: 332: _delay((unsigned long)((150)*(4000000UL/4000.0)));
  1693  05B5  30C3               	movlw	195
  1694  05B6  00F1               	movwf	??_salidas+1
  1695  05B7  30CD               	movlw	205
  1696  05B8  00F0               	movwf	??_salidas
  1697  05B9                     u1027:	
  1698  05B9  0BF0               	decfsz	??_salidas,f
  1699  05BA  2DB9               	goto	u1027
  1700  05BB  0BF1               	decfsz	??_salidas+1,f
  1701  05BC  2DB9               	goto	u1027
  1702                           
  1703                           ;Probador1.c: 334: }
  1704                           
  1705                           ;Probador1.c: 333: break;
  1706  05BD  0008               	return
  1707  05BE                     l946:	
  1708  05BE  1283               	bcf	3,5	;RP0=0, select bank0
  1709  05BF  1303               	bcf	3,6	;RP1=0, select bank0
  1710  05C0  0822               	movf	_puerto,w
  1711                           
  1712                           ; Switch size 1, requested type "space"
  1713                           ; Number of cases is 5, Range of values is 0 to 4
  1714                           ; switch strategies available:
  1715                           ; Name         Instructions Cycles
  1716                           ; simple_byte           16     9 (average)
  1717                           ; direct_byte           23     8 (fixed)
  1718                           ; jumptable            260     6 (fixed)
  1719                           ;	Chosen strategy is simple_byte
  1720  05C1  3A00               	xorlw	0	; case 0
  1721  05C2  1903               	skipnz
  1722  05C3  2D50               	goto	l924
  1723  05C4  3A01               	xorlw	1	; case 1
  1724  05C5  1903               	skipnz
  1725  05C6  2D66               	goto	l928
  1726  05C7  3A03               	xorlw	3	; case 2
  1727  05C8  1903               	skipnz
  1728  05C9  2D7C               	goto	l932
  1729  05CA  3A01               	xorlw	1	; case 3
  1730  05CB  1903               	skipnz
  1731  05CC  2D92               	goto	l936
  1732  05CD  3A07               	xorlw	7	; case 4
  1733  05CE  1903               	skipnz
  1734  05CF  2DA8               	goto	l940
  1735  05D0  2DD1               	goto	l178
  1736  05D1                     l178:	
  1737  05D1  0008               	return
  1738  05D2                     __end_of_salidas:	
  1739  007E                     btemp	set	126	;btemp
  1740  007E                     wtemp	set	126
  1741  007E                     wtemp0	set	126
  1742  0080                     wtemp1	set	128
  1743  0082                     wtemp2	set	130
  1744  0084                     wtemp3	set	132
  1745  0086                     wtemp4	set	134
  1746  0088                     wtemp5	set	136
  1747  007F                     wtemp6	set	127
  1748  007E                     ttemp	set	126
  1749  007E                     ttemp0	set	126
  1750  0081                     ttemp1	set	129
  1751  0084                     ttemp2	set	132
  1752  0087                     ttemp3	set	135
  1753  007F                     ttemp4	set	127
  1754  007E                     ltemp	set	126
  1755  007E                     ltemp0	set	126
  1756  0082                     ltemp1	set	130
  1757  0086                     ltemp2	set	134
  1758  0080                     ltemp3	set	128


Data Sizes:
    Strings     0
    Constant    0
    Data        2
    BSS         5
    Persistent  1
    Stack       0

Auto Spaces:
    Space          Size  Autos    Used
    COMMON           14     13      14
    BANK0            80      0       7
    BANK1            80      0       0
    BANK3            96      0       0
    BANK2            96      0       0

Pointer List with Targets:

    None.

Critical Paths under _main in COMMON

    _main->_Prueba_sal
    _Prueba_sal->_salidas

Critical Paths under _main in BANK0

    None.

Critical Paths under _main in BANK1

    None.

Critical Paths under _main in BANK3

    None.

Critical Paths under _main in BANK2

    None.

Call Graph Tables:

 ---------------------------------------------------------------------------------
 (Depth) Function   	        Calls       Base Space   Used Autos Params    Refs
 ---------------------------------------------------------------------------------
 (0) _main                                                 8     8      0     276
                                              5 COMMON     8     8      0
                         _Prueba_sal
                       _port_conf_r1
                       _port_conf_r2
                          _porte_ent
                          _porte_sal
 ---------------------------------------------------------------------------------
 (1) _porte_sal                                            0     0      0       0
 ---------------------------------------------------------------------------------
 (1) _porte_ent                                            0     0      0       0
 ---------------------------------------------------------------------------------
 (1) _port_conf_r2                                         0     0      0       0
 ---------------------------------------------------------------------------------
 (1) _port_conf_r1                                         0     0      0       0
 ---------------------------------------------------------------------------------
 (1) _Prueba_sal                                           2     2      0     156
                                              3 COMMON     2     2      0
                            _salidas
 ---------------------------------------------------------------------------------
 (2) _salidas                                              3     3      0     110
                                              0 COMMON     3     3      0
 ---------------------------------------------------------------------------------
 Estimated maximum stack depth 2
 ---------------------------------------------------------------------------------

 Call Graph Graphs:

 _main (ROOT)
   _Prueba_sal
     _salidas
   _port_conf_r1
   _port_conf_r2
   _porte_ent
   _porte_sal

 Address spaces:
Name               Size   Autos  Total    Cost      Usage
BANK3               60      0       0       9        0.0%
BITBANK3            60      0       0       8        0.0%
SFR3                 0      0       0       4        0.0%
BITSFR3              0      0       0       4        0.0%
BANK2               60      0       0      11        0.0%
BITBANK2            60      0       0      10        0.0%
SFR2                 0      0       0       5        0.0%
BITSFR2              0      0       0       5        0.0%
BANK1               50      0       0       7        0.0%
BITBANK1            50      0       0       6        0.0%
SFR1                 0      0       0       2        0.0%
BITSFR1              0      0       0       2        0.0%
BANK0               50      0       7       5        8.8%
BITBANK0            50      0       0       4        0.0%
SFR0                 0      0       0       1        0.0%
BITSFR0              0      0       0       1        0.0%
COMMON               E      D       E       1      100.0%
BITCOMMON            E      0       0       0        0.0%
CODE                 0      0       0       0        0.0%
DATA                 0      0      15      12        0.0%
ABS                  0      0      15       3        0.0%
NULL                 0      0       0       0        0.0%
STACK                0      0       0       2        0.0%
EEDATA             100      0       0       0        0.0%


Microchip Technology PIC Macro Assembler V1.36 build -262312587 
Symbol Table                                                                                   Fri Apr 11 10:56:43 2025

            __CFG_CP$OFF 0000                       l70 0605                       l62 05E6  
                     l65 05EA                       l92 0668                       l85 065F  
                     l87 065C                       _xx 0023                      l101 06B6  
                    l103 06B3                      l140 0791                      l124 0726  
                    l108 06BF                      l133 0788                      l117 071D  
                    l135 0780                      l119 070D                      l178 05D1  
                    l940 05A8                      l932 057C                      l924 0550  
                    l936 0592                      l928 0566                      l946 05BE  
                    l982 05E3                      l968 053D                      l992 05FF  
                    l994 0603                      l986 05ED                      _RE0 0048  
                    _RE1 0049                      _RE2 004A             __CFG_CPD$OFF 0000  
                    u444 0556                      u445 0554                      u454 056C  
                    u455 056A                      u464 0582                      u704 06E2  
                    u465 0580                      u705 06E0                      u474 0598  
                    u634 068B                      u475 0596                      u635 0689  
                    u484 05AE                      u564 063A                      u485 05AC  
                    u565 0638                      u907 0680                      u844 07B4  
                    u845 07B2                      u917 06CC                      u774 0749  
                    u775 0747                      u927 06D7                      u937 0733  
                    u947 073E                      u957 079E                      u877 0624  
                    u967 07A9                      u887 062F                      u977 07E3  
                    u897 0675                      u987 0561                      u997 0577  
           __CFG_FOSC$XT 0000             __CFG_LVP$OFF 0000                     l1010 061B  
                   l1002 060B                     l1100 06FC                     l1022 0647  
                   l1120 072A                     l1104 0704                     l1106 0708  
                   l1132 0756                     l1028 064D                     l1070 06B1  
                   l1046 066C                     l1144 0772                     l1064 06A5  
                   l1162 0795                     l1138 0763                     l1082 06C3  
                   l1058 0698                     l1068 06AD                     l1180 07CB  
                   l1174 07C1                     l1094 06EF                     u1007 058D  
                   u1017 05A3                     u1027 05B9             __CFG_WRT$OFF 0000  
                   _caso 0020                     _main 05D2                     _mask 0021  
                   btemp 007E            __CFG_BOREN$ON 0000                     ltemp 007E  
                   start 0000                     ttemp 007E                     wtemp 007E  
                  ?_main 0070            __CFG_WDTE$OFF 0000                    _PORTA 0005  
                  _PORTB 0006                    _PORTC 0007                    _PORTD 0008  
                  _PORTE 0009                    _TRISA 0085                    _TRISB 0086  
                  _TRISC 0087                    _TRISD 0088                    _TRISE 0089  
          __CFG_PWRTE$ON 0000          __end_of_salidas 05D2                    main@i 0078  
                  ltemp0 007E                    ltemp1 0082                    ltemp2 0086  
                  ltemp3 0080                    ttemp0 007E                    ttemp1 0081  
                  ttemp2 0084                    ttemp3 0087                    ttemp4 007F  
                  status 0003                    wtemp0 007E                    wtemp1 0080  
                  wtemp2 0082                    wtemp3 0084                    wtemp4 0086  
                  wtemp5 0088                    wtemp6 007F          __initialization 07ED  
           __end_of_main 07ED                   ??_main 0075                   _ADCON1 009F  
                 _prueba 0025                   _puerto 0022               _Prueba_sal 053C  
              ??_salidas 0070  __end_of__initialization 07FC           __pcstackCOMMON 0070  
           __pidataBANK0 0514               __pbssBANK0 0020               __pmaintext 05D2  
            ?_Prueba_sal 0070       __size_of_porte_ent 0005       __size_of_porte_sal 0004  
             _incremento 007D                  __ptext1 0516                  __ptext2 051A  
                __ptext3 051F                  __ptext4 052D                  __ptext5 053C  
                __ptext6 054E                  _salidas 054E                  _nro_pin 0024  
   end_of_initialization 07FC      __size_of_Prueba_sal 0012        __end_of_porte_ent 051F  
      __end_of_porte_sal 051A              Prueba_sal@i 0074            ?_port_conf_r1 0070  
          ?_port_conf_r2 0070      start_initialization 07ED           ??_port_conf_r1 0070  
         ??_port_conf_r2 0070              __pdataBANK0 0024             ??_Prueba_sal 0073  
            __pbssCOMMON 007D                ___latbits 0002                __pnvBANK0 0026  
     __end_of_Prueba_sal 054E                 ?_salidas 0070     __end_of_port_conf_r1 053C  
   __end_of_port_conf_r2 052D                _porte_ent 051A                _porte_sal 0516  
             ?_porte_ent 0070               ?_porte_sal 0070         __size_of_salidas 0084  
          __size_of_main 021B                 _port_act 0026                 main@i_74 0079  
               main@i_75 007A                 main@i_76 007B                 main@i_77 007C  
               salidas@i 0072    __size_of_port_conf_r1 000F    __size_of_port_conf_r2 000E  
            ??_porte_ent 0070              ??_porte_sal 0070             _port_conf_r1 052D  
           _port_conf_r2 051F  
